{"C:\\Aditya\\playground\\ui\\resume-forge\\src\\App.tsx": {"path":"C:\\Aditya\\playground\\ui\\resume-forge\\src\\App.tsx","statementMap":{"0":{"start":{"line":5,"column":2},"end":{"line":5,"column":null}}},"fnMap":{"0":{"name":"App","decl":{"start":{"line":4,"column":24},"end":{"line":4,"column":30}},"loc":{"start":{"line":4,"column":30},"end":{"line":6,"column":null}},"line":4}},"branchMap":{},"s":{"0":1},"f":{"0":1},"b":{},"meta":{"lastBranch":0,"lastFunction":1,"lastStatement":1,"seen":{"f:4:24:4:30":0,"s:5:2:5:Infinity":0}}}
,"C:\\Aditya\\playground\\ui\\resume-forge\\src\\constants.ts": {"path":"C:\\Aditya\\playground\\ui\\resume-forge\\src\\constants.ts","statementMap":{"0":{"start":{"line":1,"column":24},"end":{"line":1,"column":null}},"1":{"start":{"line":2,"column":28},"end":{"line":2,"column":null}},"2":{"start":{"line":3,"column":27},"end":{"line":3,"column":null}},"3":{"start":{"line":4,"column":23},"end":{"line":4,"column":null}},"4":{"start":{"line":6,"column":30},"end":{"line":6,"column":null}},"5":{"start":{"line":7,"column":33},"end":{"line":7,"column":null}},"6":{"start":{"line":8,"column":25},"end":{"line":8,"column":null}},"7":{"start":{"line":10,"column":36},"end":{"line":10,"column":null}},"8":{"start":{"line":11,"column":34},"end":{"line":14,"column":null}},"9":{"start":{"line":16,"column":26},"end":{"line":19,"column":null}}},"fnMap":{},"branchMap":{"0":{"loc":{"start":{"line":1,"column":24},"end":{"line":1,"column":null}},"type":"binary-expr","locations":[{"start":{"line":1,"column":24},"end":{"line":1,"column":57}},{"start":{"line":1,"column":57},"end":{"line":1,"column":null}}],"line":1},"1":{"loc":{"start":{"line":2,"column":28},"end":{"line":2,"column":null}},"type":"binary-expr","locations":[{"start":{"line":2,"column":28},"end":{"line":2,"column":65}},{"start":{"line":2,"column":65},"end":{"line":2,"column":null}}],"line":2}},"s":{"0":31,"1":31,"2":31,"3":31,"4":31,"5":31,"6":31,"7":31,"8":31,"9":31},"f":{},"b":{"0":[31,31],"1":[31,31]},"meta":{"lastBranch":2,"lastFunction":0,"lastStatement":10,"seen":{"s:1:24:1:Infinity":0,"b:1:24:1:57:1:57:1:Infinity":0,"s:2:28:2:Infinity":1,"b:2:28:2:65:2:65:2:Infinity":1,"s:3:27:3:Infinity":2,"s:4:23:4:Infinity":3,"s:6:30:6:Infinity":4,"s:7:33:7:Infinity":5,"s:8:25:8:Infinity":6,"s:10:36:10:Infinity":7,"s:11:34:14:Infinity":8,"s:16:26:19:Infinity":9}}}
,"C:\\Aditya\\playground\\ui\\resume-forge\\src\\app\\hooks.ts": {"path":"C:\\Aditya\\playground\\ui\\resume-forge\\src\\app\\hooks.ts","statementMap":{"0":{"start":{"line":4,"column":49},"end":{"line":4,"column":null}},"1":{"start":{"line":5,"column":63},"end":{"line":5,"column":null}}},"fnMap":{},"branchMap":{},"s":{"0":11,"1":11},"f":{},"b":{},"meta":{"lastBranch":0,"lastFunction":0,"lastStatement":2,"seen":{"s:4:49:4:Infinity":0,"s:5:63:5:Infinity":1}}}
,"C:\\Aditya\\playground\\ui\\resume-forge\\src\\app\\providers.tsx": {"path":"C:\\Aditya\\playground\\ui\\resume-forge\\src\\app\\providers.tsx","statementMap":{"0":{"start":{"line":9,"column":20},"end":{"line":20,"column":null}},"1":{"start":{"line":23,"column":2},"end":{"line":31,"column":null}}},"fnMap":{"0":{"name":"Providers","decl":{"start":{"line":22,"column":16},"end":{"line":22,"column":26}},"loc":{"start":{"line":22,"column":65},"end":{"line":33,"column":null}},"line":22}},"branchMap":{"0":{"loc":{"start":{"line":29,"column":9},"end":{"line":29,"column":null}},"type":"binary-expr","locations":[{"start":{"line":29,"column":9},"end":{"line":29,"column":32}},{"start":{"line":29,"column":32},"end":{"line":29,"column":null}}],"line":29}},"s":{"0":1,"1":1},"f":{"0":1},"b":{"0":[1,1]},"meta":{"lastBranch":1,"lastFunction":1,"lastStatement":2,"seen":{"s:9:20:20:Infinity":0,"f:22:16:22:26":0,"s:23:2:31:Infinity":1,"b:29:9:29:32:29:32:29:Infinity":0}}}
,"C:\\Aditya\\playground\\ui\\resume-forge\\src\\app\\store.ts": {"path":"C:\\Aditya\\playground\\ui\\resume-forge\\src\\app\\store.ts","statementMap":{"0":{"start":{"line":5,"column":13},"end":{"line":11,"column":null}}},"fnMap":{},"branchMap":{},"s":{"0":27},"f":{},"b":{},"meta":{"lastBranch":0,"lastFunction":0,"lastStatement":1,"seen":{"s:5:13:11:Infinity":0}}}
,"C:\\Aditya\\playground\\ui\\resume-forge\\src\\components\\common\\ErrorBoundary.tsx": {"path":"C:\\Aditya\\playground\\ui\\resume-forge\\src\\components\\common\\ErrorBoundary.tsx","statementMap":{"0":{"start":{"line":30,"column":2},"end":{"line":32,"column":null}},"1":{"start":{"line":17,"column":4},"end":{"line":17,"column":null}},"2":{"start":{"line":18,"column":4},"end":{"line":18,"column":null}},"3":{"start":{"line":22,"column":4},"end":{"line":22,"column":null}},"4":{"start":{"line":26,"column":4},"end":{"line":26,"column":null}},"5":{"start":{"line":27,"column":4},"end":{"line":27,"column":null}},"6":{"start":{"line":31,"column":4},"end":{"line":31,"column":null}},"7":{"start":{"line":35,"column":4},"end":{"line":52,"column":null}},"8":{"start":{"line":36,"column":6},"end":{"line":38,"column":null}},"9":{"start":{"line":37,"column":8},"end":{"line":37,"column":null}},"10":{"start":{"line":40,"column":6},"end":{"line":50,"column":null}},"11":{"start":{"line":54,"column":4},"end":{"line":54,"column":null}}},"fnMap":{"0":{"name":"(anonymous_0)","decl":{"start":{"line":16,"column":2},"end":{"line":16,"column":14}},"loc":{"start":{"line":16,"column":41},"end":{"line":19,"column":null}},"line":16},"1":{"name":"(anonymous_1)","decl":{"start":{"line":21,"column":9},"end":{"line":21,"column":34}},"loc":{"start":{"line":21,"column":68},"end":{"line":23,"column":null}},"line":21},"2":{"name":"(anonymous_2)","decl":{"start":{"line":25,"column":2},"end":{"line":25,"column":20}},"loc":{"start":{"line":25,"column":62},"end":{"line":28,"column":null}},"line":25},"3":{"name":"(anonymous_3)","decl":{"start":{"line":30,"column":2},"end":{"line":30,"column":22}},"loc":{"start":{"line":30,"column":22},"end":{"line":32,"column":null}},"line":30},"4":{"name":"(anonymous_4)","decl":{"start":{"line":34,"column":2},"end":{"line":34,"column":11}},"loc":{"start":{"line":34,"column":11},"end":{"line":55,"column":null}},"line":34}},"branchMap":{"0":{"loc":{"start":{"line":35,"column":4},"end":{"line":52,"column":null}},"type":"if","locations":[{"start":{"line":35,"column":4},"end":{"line":52,"column":null}},{"start":{},"end":{}}],"line":35},"1":{"loc":{"start":{"line":36,"column":6},"end":{"line":38,"column":null}},"type":"if","locations":[{"start":{"line":36,"column":6},"end":{"line":38,"column":null}},{"start":{},"end":{}}],"line":36},"2":{"loc":{"start":{"line":45,"column":13},"end":{"line":45,"column":null}},"type":"binary-expr","locations":[{"start":{"line":45,"column":13},"end":{"line":45,"column":42}},{"start":{"line":45,"column":42},"end":{"line":45,"column":null}}],"line":45}},"s":{"0":1,"1":11,"2":11,"3":10,"4":5,"5":5,"6":1,"7":22,"8":10,"9":2,"10":8,"11":12},"f":{"0":11,"1":2,"2":5,"3":1,"4":22},"b":{"0":[10,12],"1":[2,8],"2":[8,2]},"meta":{"lastBranch":3,"lastFunction":5,"lastStatement":12,"seen":{"s:30:2:32:Infinity":0,"f:16:2:16:14":0,"s:17:4:17:Infinity":1,"s:18:4:18:Infinity":2,"f:21:9:21:34":1,"s:22:4:22:Infinity":3,"f:25:2:25:20":2,"s:26:4:26:Infinity":4,"s:27:4:27:Infinity":5,"f:30:2:30:22":3,"s:31:4:31:Infinity":6,"f:34:2:34:11":4,"b:35:4:52:Infinity:undefined:undefined:undefined:undefined":0,"s:35:4:52:Infinity":7,"b:36:6:38:Infinity:undefined:undefined:undefined:undefined":1,"s:36:6:38:Infinity":8,"s:37:8:37:Infinity":9,"s:40:6:50:Infinity":10,"b:45:13:45:42:45:42:45:Infinity":2,"s:54:4:54:Infinity":11}}}
,"C:\\Aditya\\playground\\ui\\resume-forge\\src\\components\\common\\LoadingSpinner.tsx": {"path":"C:\\Aditya\\playground\\ui\\resume-forge\\src\\components\\common\\LoadingSpinner.tsx","statementMap":{"0":{"start":{"line":9,"column":16},"end":{"line":13,"column":null}},"1":{"start":{"line":16,"column":2},"end":{"line":29,"column":null}}},"fnMap":{"0":{"name":"LoadingSpinner","decl":{"start":{"line":15,"column":24},"end":{"line":15,"column":39}},"loc":{"start":{"line":15,"column":95},"end":{"line":31,"column":null}},"line":15}},"branchMap":{"0":{"loc":{"start":{"line":15,"column":41},"end":{"line":15,"column":54}},"type":"default-arg","locations":[{"start":{"line":15,"column":48},"end":{"line":15,"column":54}}],"line":15},"1":{"loc":{"start":{"line":20,"column":18},"end":{"line":20,"column":null}},"type":"binary-expr","locations":[{"start":{"line":20,"column":18},"end":{"line":20,"column":27}},{"start":{"line":20,"column":27},"end":{"line":20,"column":null}}],"line":20},"2":{"loc":{"start":{"line":28,"column":7},"end":{"line":29,"column":null}},"type":"binary-expr","locations":[{"start":{"line":28,"column":7},"end":{"line":28,"column":16}},{"start":{"line":28,"column":16},"end":{"line":29,"column":null}}],"line":28}},"s":{"0":9,"1":36},"f":{"0":36},"b":{"0":[36],"1":[36,35],"2":[36,1]},"meta":{"lastBranch":3,"lastFunction":1,"lastStatement":2,"seen":{"s:9:16:13:Infinity":0,"f:15:24:15:39":0,"b:15:48:15:54":0,"s:16:2:29:Infinity":1,"b:20:18:20:27:20:27:20:Infinity":1,"b:28:7:28:16:28:16:29:Infinity":2}}}
,"C:\\Aditya\\playground\\ui\\resume-forge\\src\\components\\common\\ThemeProvider.tsx": {"path":"C:\\Aditya\\playground\\ui\\resume-forge\\src\\components\\common\\ThemeProvider.tsx","statementMap":{"0":{"start":{"line":6,"column":8},"end":{"line":6,"column":null}},"1":{"start":{"line":8,"column":2},"end":{"line":16,"column":null}},"2":{"start":{"line":9,"column":17},"end":{"line":9,"column":null}},"3":{"start":{"line":10,"column":4},"end":{"line":15,"column":null}},"4":{"start":{"line":11,"column":26},"end":{"line":11,"column":null}},"5":{"start":{"line":12,"column":6},"end":{"line":12,"column":null}},"6":{"start":{"line":14,"column":6},"end":{"line":14,"column":null}},"7":{"start":{"line":18,"column":2},"end":{"line":18,"column":null}}},"fnMap":{"0":{"name":"ThemeProvider","decl":{"start":{"line":5,"column":24},"end":{"line":5,"column":40}},"loc":{"start":{"line":5,"column":40},"end":{"line":19,"column":null}},"line":5},"1":{"name":"(anonymous_1)","decl":{"start":{"line":8,"column":2},"end":{"line":8,"column":18}},"loc":{"start":{"line":8,"column":18},"end":{"line":16,"column":5}},"line":8}},"branchMap":{"0":{"loc":{"start":{"line":10,"column":4},"end":{"line":15,"column":null}},"type":"if","locations":[{"start":{"line":10,"column":4},"end":{"line":15,"column":null}},{"start":{"line":13,"column":11},"end":{"line":15,"column":null}}],"line":10}},"s":{"0":4,"1":4,"2":4,"3":4,"4":2,"5":2,"6":2,"7":4},"f":{"0":4,"1":4},"b":{"0":[2,2]},"meta":{"lastBranch":1,"lastFunction":2,"lastStatement":8,"seen":{"f:5:24:5:40":0,"s:6:8:6:Infinity":0,"s:8:2:16:Infinity":1,"f:8:2:8:18":1,"s:9:17:9:Infinity":2,"b:10:4:15:Infinity:13:11:15:Infinity":0,"s:10:4:15:Infinity":3,"s:11:26:11:Infinity":4,"s:12:6:12:Infinity":5,"s:14:6:14:Infinity":6,"s:18:2:18:Infinity":7}}}
,"C:\\Aditya\\playground\\ui\\resume-forge\\src\\components\\layout\\Header.tsx": {"path":"C:\\Aditya\\playground\\ui\\resume-forge\\src\\components\\layout\\Header.tsx","statementMap":{"0":{"start":{"line":13,"column":8},"end":{"line":13,"column":null}},"1":{"start":{"line":14,"column":8},"end":{"line":14,"column":null}},"2":{"start":{"line":15,"column":8},"end":{"line":15,"column":null}},"3":{"start":{"line":16,"column":8},"end":{"line":16,"column":null}},"4":{"start":{"line":19,"column":4},"end":{"line":19,"column":null}},"5":{"start":{"line":22,"column":2},"end":{"line":76,"column":null}},"6":{"start":{"line":69,"column":25},"end":{"line":69,"column":null}}},"fnMap":{"0":{"name":"Header","decl":{"start":{"line":12,"column":24},"end":{"line":12,"column":31}},"loc":{"start":{"line":12,"column":65},"end":{"line":78,"column":null}},"line":12},"1":{"name":"toggleTheme","decl":{"start":{"line":18,"column":11},"end":{"line":18,"column":25}},"loc":{"start":{"line":18,"column":25},"end":{"line":20,"column":null}},"line":18},"2":{"name":"(anonymous_2)","decl":{"start":{"line":69,"column":10},"end":{"line":69,"column":25}},"loc":{"start":{"line":69,"column":25},"end":{"line":69,"column":null}},"line":69}},"branchMap":{"0":{"loc":{"start":{"line":19,"column":22},"end":{"line":19,"column":57}},"type":"cond-expr","locations":[{"start":{"line":19,"column":41},"end":{"line":19,"column":51}},{"start":{"line":19,"column":51},"end":{"line":19,"column":57}}],"line":19},"1":{"loc":{"start":{"line":55,"column":22},"end":{"line":55,"column":null}},"type":"cond-expr","locations":[{"start":{"line":55,"column":41},"end":{"line":55,"column":66}},{"start":{"line":55,"column":66},"end":{"line":55,"column":null}}],"line":55},"2":{"loc":{"start":{"line":57,"column":11},"end":{"line":57,"column":null}},"type":"cond-expr","locations":[{"start":{"line":57,"column":30},"end":{"line":57,"column":61}},{"start":{"line":57,"column":60},"end":{"line":57,"column":null}}],"line":57}},"s":{"0":19,"1":19,"2":19,"3":19,"4":2,"5":19,"6":1},"f":{"0":19,"1":2,"2":1},"b":{"0":[1,1],"1":[1,18],"2":[1,18]},"meta":{"lastBranch":3,"lastFunction":3,"lastStatement":7,"seen":{"f:12:24:12:31":0,"s:13:8:13:Infinity":0,"s:14:8:14:Infinity":1,"s:15:8:15:Infinity":2,"s:16:8:16:Infinity":3,"f:18:11:18:25":1,"s:19:4:19:Infinity":4,"b:19:41:19:51:19:51:19:57":0,"s:22:2:76:Infinity":5,"b:55:41:55:66:55:66:55:Infinity":1,"b:57:30:57:61:57:60:57:Infinity":2,"f:69:10:69:25":2,"s:69:25:69:Infinity":6}}}
,"C:\\Aditya\\playground\\ui\\resume-forge\\src\\components\\layout\\MainLayout.tsx": {"path":"C:\\Aditya\\playground\\ui\\resume-forge\\src\\components\\layout\\MainLayout.tsx","statementMap":{"0":{"start":{"line":7,"column":22},"end":{"line":7,"column":null}},"1":{"start":{"line":9,"column":2},"end":{"line":18,"column":null}},"2":{"start":{"line":11,"column":51},"end":{"line":11,"column":75}},"3":{"start":{"line":13,"column":39},"end":{"line":13,"column":73}},"4":{"start":{"line":13,"column":64},"end":{"line":13,"column":69}}},"fnMap":{"0":{"name":"MainLayout","decl":{"start":{"line":6,"column":24},"end":{"line":6,"column":37}},"loc":{"start":{"line":6,"column":37},"end":{"line":20,"column":null}},"line":6},"1":{"name":"(anonymous_1)","decl":{"start":{"line":11,"column":36},"end":{"line":11,"column":51}},"loc":{"start":{"line":11,"column":51},"end":{"line":11,"column":75}},"line":11},"2":{"name":"(anonymous_2)","decl":{"start":{"line":13,"column":16},"end":{"line":13,"column":39}},"loc":{"start":{"line":13,"column":39},"end":{"line":13,"column":73}},"line":13},"3":{"name":"(anonymous_3)","decl":{"start":{"line":13,"column":39},"end":{"line":13,"column":55}},"loc":{"start":{"line":13,"column":64},"end":{"line":13,"column":69}},"line":13}},"branchMap":{},"s":{"0":6,"1":6,"2":1,"3":2,"4":2},"f":{"0":6,"1":1,"2":2,"3":2},"b":{},"meta":{"lastBranch":0,"lastFunction":4,"lastStatement":5,"seen":{"f:6:24:6:37":0,"s:7:22:7:Infinity":0,"s:9:2:18:Infinity":1,"f:11:36:11:51":1,"s:11:51:11:75":2,"f:13:16:13:39":2,"s:13:39:13:73":3,"f:13:39:13:55":3,"s:13:64:13:69":4}}}
,"C:\\Aditya\\playground\\ui\\resume-forge\\src\\components\\layout\\Sidebar.tsx": {"path":"C:\\Aditya\\playground\\ui\\resume-forge\\src\\components\\layout\\Sidebar.tsx","statementMap":{"0":{"start":{"line":5,"column":17},"end":{"line":10,"column":null}},"1":{"start":{"line":18,"column":2},"end":{"line":62,"column":null}},"2":{"start":{"line":42,"column":12},"end":{"line":58,"column":null}},"3":{"start":{"line":47,"column":28},"end":{"line":53,"column":null}}},"fnMap":{"0":{"name":"Sidebar","decl":{"start":{"line":17,"column":24},"end":{"line":17,"column":32}},"loc":{"start":{"line":17,"column":67},"end":{"line":64,"column":null}},"line":17},"1":{"name":"(anonymous_1)","decl":{"start":{"line":41,"column":20},"end":{"line":41,"column":25}},"loc":{"start":{"line":42,"column":12},"end":{"line":58,"column":null}},"line":42},"2":{"name":"(anonymous_2)","decl":{"start":{"line":47,"column":14},"end":{"line":47,"column":26}},"loc":{"start":{"line":47,"column":28},"end":{"line":53,"column":null}},"line":47}},"branchMap":{"0":{"loc":{"start":{"line":21,"column":7},"end":{"line":30,"column":7}},"type":"binary-expr","locations":[{"start":{"line":21,"column":7},"end":{"line":21,"column":null}},{"start":{"line":22,"column":8},"end":{"line":30,"column":7}}],"line":21},"1":{"loc":{"start":{"line":33,"column":10},"end":{"line":33,"column":null}},"type":"cond-expr","locations":[{"start":{"line":33,"column":19},"end":{"line":33,"column":37}},{"start":{"line":33,"column":37},"end":{"line":33,"column":null}}],"line":33},"2":{"loc":{"start":{"line":50,"column":18},"end":{"line":52,"column":null}},"type":"cond-expr","locations":[{"start":{"line":51,"column":22},"end":{"line":51,"column":null}},{"start":{"line":52,"column":22},"end":{"line":52,"column":null}}],"line":50}},"s":{"0":3,"1":10,"2":40,"3":40},"f":{"0":10,"1":40,"2":40},"b":{"0":[10,4],"1":[4,6],"2":[10,30]},"meta":{"lastBranch":3,"lastFunction":3,"lastStatement":4,"seen":{"s:5:17:10:Infinity":0,"f:17:24:17:32":0,"s:18:2:62:Infinity":1,"b:21:7:21:Infinity:22:8:30:7":0,"b:33:19:33:37:33:37:33:Infinity":1,"f:41:20:41:25":1,"s:42:12:58:Infinity":2,"f:47:14:47:26":2,"s:47:28:53:Infinity":3,"b:51:22:51:Infinity:52:22:52:Infinity":2}}}
,"C:\\Aditya\\playground\\ui\\resume-forge\\src\\components\\ui\\button.tsx": {"path":"C:\\Aditya\\playground\\ui\\resume-forge\\src\\components\\ui\\button.tsx","statementMap":{"0":{"start":{"line":6,"column":6},"end":{"line":41,"column":null}},"1":{"start":{"line":49,"column":2},"end":{"line":54,"column":null}}},"fnMap":{"0":{"name":"Button","decl":{"start":{"line":43,"column":9},"end":{"line":43,"column":16}},"loc":{"start":{"line":48,"column":64},"end":{"line":56,"column":null}},"line":48}},"branchMap":{"0":{"loc":{"start":{"line":45,"column":2},"end":{"line":45,"column":null}},"type":"default-arg","locations":[{"start":{"line":45,"column":12},"end":{"line":45,"column":null}}],"line":45},"1":{"loc":{"start":{"line":46,"column":2},"end":{"line":46,"column":null}},"type":"default-arg","locations":[{"start":{"line":46,"column":9},"end":{"line":46,"column":null}}],"line":46}},"s":{"0":11,"1":373},"f":{"0":373},"b":{"0":[373],"1":[373]},"meta":{"lastBranch":2,"lastFunction":1,"lastStatement":2,"seen":{"s:6:6:41:Infinity":0,"f:43:9:43:16":0,"b:45:12:45:Infinity":0,"b:46:9:46:Infinity":1,"s:49:2:54:Infinity":1}}}
,"C:\\Aditya\\playground\\ui\\resume-forge\\src\\components\\ui\\card.tsx": {"path":"C:\\Aditya\\playground\\ui\\resume-forge\\src\\components\\ui\\card.tsx","statementMap":{"0":{"start":{"line":4,"column":13},"end":{"line":15,"column":null}},"1":{"start":{"line":6,"column":4},"end":{"line":15,"column":null}},"2":{"start":{"line":16,"column":0},"end":{"line":16,"column":null}},"3":{"start":{"line":18,"column":19},"end":{"line":22,"column":null}},"4":{"start":{"line":20,"column":4},"end":{"line":22,"column":null}},"5":{"start":{"line":23,"column":0},"end":{"line":23,"column":null}},"6":{"start":{"line":25,"column":18},"end":{"line":33,"column":null}},"7":{"start":{"line":27,"column":4},"end":{"line":33,"column":null}},"8":{"start":{"line":34,"column":0},"end":{"line":34,"column":null}},"9":{"start":{"line":36,"column":24},"end":{"line":40,"column":null}},"10":{"start":{"line":38,"column":4},"end":{"line":40,"column":null}},"11":{"start":{"line":41,"column":0},"end":{"line":41,"column":null}},"12":{"start":{"line":43,"column":20},"end":{"line":47,"column":null}},"13":{"start":{"line":45,"column":4},"end":{"line":47,"column":null}},"14":{"start":{"line":48,"column":0},"end":{"line":48,"column":null}},"15":{"start":{"line":50,"column":19},"end":{"line":54,"column":null}},"16":{"start":{"line":52,"column":4},"end":{"line":54,"column":null}},"17":{"start":{"line":55,"column":0},"end":{"line":55,"column":null}}},"fnMap":{"0":{"name":"(anonymous_0)","decl":{"start":{"line":4,"column":19},"end":{"line":4,"column":null}},"loc":{"start":{"line":6,"column":4},"end":{"line":15,"column":null}},"line":6},"1":{"name":"(anonymous_1)","decl":{"start":{"line":18,"column":25},"end":{"line":18,"column":null}},"loc":{"start":{"line":20,"column":4},"end":{"line":22,"column":null}},"line":20},"2":{"name":"(anonymous_2)","decl":{"start":{"line":25,"column":24},"end":{"line":25,"column":null}},"loc":{"start":{"line":27,"column":4},"end":{"line":33,"column":null}},"line":27},"3":{"name":"(anonymous_3)","decl":{"start":{"line":36,"column":30},"end":{"line":36,"column":null}},"loc":{"start":{"line":38,"column":4},"end":{"line":40,"column":null}},"line":38},"4":{"name":"(anonymous_4)","decl":{"start":{"line":43,"column":26},"end":{"line":43,"column":null}},"loc":{"start":{"line":45,"column":4},"end":{"line":47,"column":null}},"line":45},"5":{"name":"(anonymous_5)","decl":{"start":{"line":50,"column":25},"end":{"line":50,"column":null}},"loc":{"start":{"line":52,"column":4},"end":{"line":54,"column":null}},"line":52}},"branchMap":{},"s":{"0":5,"1":61,"2":5,"3":5,"4":59,"5":5,"6":5,"7":59,"8":5,"9":5,"10":59,"11":5,"12":5,"13":59,"14":5,"15":5,"16":1,"17":5},"f":{"0":61,"1":59,"2":59,"3":59,"4":59,"5":1},"b":{},"meta":{"lastBranch":0,"lastFunction":6,"lastStatement":18,"seen":{"s:4:13:15:Infinity":0,"f:4:19:4:Infinity":0,"s:6:4:15:Infinity":1,"s:16:0:16:Infinity":2,"s:18:19:22:Infinity":3,"f:18:25:18:Infinity":1,"s:20:4:22:Infinity":4,"s:23:0:23:Infinity":5,"s:25:18:33:Infinity":6,"f:25:24:25:Infinity":2,"s:27:4:33:Infinity":7,"s:34:0:34:Infinity":8,"s:36:24:40:Infinity":9,"f:36:30:36:Infinity":3,"s:38:4:40:Infinity":10,"s:41:0:41:Infinity":11,"s:43:20:47:Infinity":12,"f:43:26:43:Infinity":4,"s:45:4:47:Infinity":13,"s:48:0:48:Infinity":14,"s:50:19:54:Infinity":15,"f:50:25:50:Infinity":5,"s:52:4:54:Infinity":16,"s:55:0:55:Infinity":17}}}
,"C:\\Aditya\\playground\\ui\\resume-forge\\src\\components\\ui\\data-table.tsx": {"path":"C:\\Aditya\\playground\\ui\\resume-forge\\src\\components\\ui\\data-table.tsx","statementMap":{"0":{"start":{"line":22,"column":2},"end":{"line":22,"column":null}},"1":{"start":{"line":22,"column":24},"end":{"line":22,"column":null}},"2":{"start":{"line":23,"column":2},"end":{"line":23,"column":null}},"3":{"start":{"line":23,"column":25},"end":{"line":23,"column":null}},"4":{"start":{"line":24,"column":2},"end":{"line":24,"column":null}},"5":{"start":{"line":34,"column":18},"end":{"line":34,"column":null}},"6":{"start":{"line":36,"column":8},"end":{"line":43,"column":null}},"7":{"start":{"line":45,"column":2},"end":{"line":110,"column":null}},"8":{"start":{"line":50,"column":12},"end":{"line":72,"column":null}},"9":{"start":{"line":52,"column":16},"end":{"line":70,"column":null}},"10":{"start":{"line":79,"column":14},"end":{"line":86,"column":null}},"11":{"start":{"line":82,"column":18},"end":{"line":84,"column":null}},"12":{"start":{"line":96,"column":14},"end":{"line":105,"column":null}},"13":{"start":{"line":101,"column":18},"end":{"line":103,"column":null}}},"fnMap":{"0":{"name":"SortIcon","decl":{"start":{"line":21,"column":9},"end":{"line":21,"column":18}},"loc":{"start":{"line":21,"column":66},"end":{"line":25,"column":null}},"line":21},"1":{"name":"DataTable","decl":{"start":{"line":27,"column":16},"end":{"line":27,"column":33}},"loc":{"start":{"line":33,"column":26},"end":{"line":112,"column":null}},"line":33},"2":{"name":"(anonymous_2)","decl":{"start":{"line":49,"column":35},"end":{"line":49,"column":40}},"loc":{"start":{"line":50,"column":12},"end":{"line":72,"column":null}},"line":50},"3":{"name":"(anonymous_3)","decl":{"start":{"line":51,"column":35},"end":{"line":51,"column":40}},"loc":{"start":{"line":52,"column":16},"end":{"line":70,"column":null}},"line":52},"4":{"name":"(anonymous_4)","decl":{"start":{"line":77,"column":38},"end":{"line":77,"column":43}},"loc":{"start":{"line":79,"column":14},"end":{"line":86,"column":null}},"line":79},"5":{"name":"(anonymous_5)","decl":{"start":{"line":80,"column":25},"end":{"line":80,"column":30}},"loc":{"start":{"line":82,"column":18},"end":{"line":84,"column":null}},"line":82},"6":{"name":"(anonymous_6)","decl":{"start":{"line":95,"column":37},"end":{"line":95,"column":42}},"loc":{"start":{"line":96,"column":14},"end":{"line":105,"column":null}},"line":96},"7":{"name":"(anonymous_7)","decl":{"start":{"line":100,"column":39},"end":{"line":100,"column":44}},"loc":{"start":{"line":101,"column":18},"end":{"line":103,"column":null}},"line":101}},"branchMap":{"0":{"loc":{"start":{"line":22,"column":2},"end":{"line":22,"column":null}},"type":"if","locations":[{"start":{"line":22,"column":2},"end":{"line":22,"column":null}},{"start":{},"end":{}}],"line":22},"1":{"loc":{"start":{"line":23,"column":2},"end":{"line":23,"column":null}},"type":"if","locations":[{"start":{"line":23,"column":2},"end":{"line":23,"column":null}},{"start":{},"end":{}}],"line":23},"2":{"loc":{"start":{"line":30,"column":2},"end":{"line":30,"column":null}},"type":"default-arg","locations":[{"start":{"line":30,"column":14},"end":{"line":30,"column":null}}],"line":30},"3":{"loc":{"start":{"line":31,"column":2},"end":{"line":31,"column":null}},"type":"default-arg","locations":[{"start":{"line":31,"column":17},"end":{"line":31,"column":null}}],"line":31},"4":{"loc":{"start":{"line":55,"column":34},"end":{"line":55,"column":90}},"type":"cond-expr","locations":[{"start":{"line":55,"column":61},"end":{"line":55,"column":80}},{"start":{"line":55,"column":80},"end":{"line":55,"column":90}}],"line":55},"5":{"loc":{"start":{"line":57,"column":19},"end":{"line":68,"column":null}},"type":"cond-expr","locations":[{"start":{"line":57,"column":42},"end":{"line":57,"column":49}},{"start":{"line":57,"column":49},"end":{"line":68,"column":null}}],"line":57},"6":{"loc":{"start":{"line":57,"column":49},"end":{"line":68,"column":null}},"type":"cond-expr","locations":[{"start":{"line":58,"column":20},"end":{"line":68,"column":31}},{"start":{"line":68,"column":20},"end":{"line":68,"column":null}}],"line":57},"7":{"loc":{"start":{"line":62,"column":45},"end":{"line":62,"column":null}},"type":"cond-expr","locations":[{"start":{"line":62,"column":98},"end":{"line":62,"column":131}},{"start":{"line":62,"column":131},"end":{"line":62,"column":null}}],"line":62},"8":{"loc":{"start":{"line":76,"column":11},"end":{"line":106,"column":null}},"type":"cond-expr","locations":[{"start":{"line":77,"column":12},"end":{"line":87,"column":null}},{"start":{"line":88,"column":14},"end":{"line":106,"column":null}}],"line":76},"9":{"loc":{"start":{"line":88,"column":14},"end":{"line":106,"column":null}},"type":"cond-expr","locations":[{"start":{"line":89,"column":12},"end":{"line":95,"column":18}},{"start":{"line":95,"column":12},"end":{"line":106,"column":null}}],"line":88}},"s":{"0":167,"1":2,"2":165,"3":165,"4":161,"5":50,"6":50,"7":50,"8":51,"9":204,"10":60,"11":291,"12":55,"13":149},"f":{"0":167,"1":50,"2":51,"3":204,"4":60,"5":291,"6":55,"7":149},"b":{"0":[2,165],"1":[4,161],"2":[50],"3":[50],"4":[1,203],"5":[1,203],"6":[167,36],"7":[166,1],"8":[20,30],"9":[3,27]},"meta":{"lastBranch":10,"lastFunction":8,"lastStatement":14,"seen":{"f:21:9:21:18":0,"b:22:2:22:Infinity:undefined:undefined:undefined:undefined":0,"s:22:2:22:Infinity":0,"s:22:24:22:Infinity":1,"b:23:2:23:Infinity:undefined:undefined:undefined:undefined":1,"s:23:2:23:Infinity":2,"s:23:25:23:Infinity":3,"s:24:2:24:Infinity":4,"f:27:16:27:33":1,"b:30:14:30:Infinity":2,"b:31:17:31:Infinity":3,"s:34:18:34:Infinity":5,"s:36:8:43:Infinity":6,"s:45:2:110:Infinity":7,"f:49:35:49:40":2,"s:50:12:72:Infinity":8,"f:51:35:51:40":3,"s:52:16:70:Infinity":9,"b:55:61:55:80:55:80:55:90":4,"b:57:42:57:49:57:49:68:Infinity":5,"b:58:20:68:31:68:20:68:Infinity":6,"b:62:98:62:131:62:131:62:Infinity":7,"b:77:12:87:Infinity:88:14:106:Infinity":8,"f:77:38:77:43":4,"s:79:14:86:Infinity":10,"f:80:25:80:30":5,"s:82:18:84:Infinity":11,"b:89:12:95:18:95:12:106:Infinity":9,"f:95:37:95:42":6,"s:96:14:105:Infinity":12,"f:100:39:100:44":7,"s:101:18:103:Infinity":13}}}
,"C:\\Aditya\\playground\\ui\\resume-forge\\src\\components\\ui\\input.tsx": {"path":"C:\\Aditya\\playground\\ui\\resume-forge\\src\\components\\ui\\input.tsx","statementMap":{"0":{"start":{"line":6,"column":14},"end":{"line":20,"column":null}},"1":{"start":{"line":8,"column":4},"end":{"line":17,"column":null}},"2":{"start":{"line":21,"column":0},"end":{"line":21,"column":null}}},"fnMap":{"0":{"name":"(anonymous_0)","decl":{"start":{"line":6,"column":20},"end":{"line":6,"column":null}},"loc":{"start":{"line":7,"column":42},"end":{"line":19,"column":null}},"line":7}},"branchMap":{},"s":{"0":5,"1":152,"2":5},"f":{"0":152},"b":{},"meta":{"lastBranch":0,"lastFunction":1,"lastStatement":3,"seen":{"s:6:14:20:Infinity":0,"f:6:20:6:Infinity":0,"s:8:4:17:Infinity":1,"s:21:0:21:Infinity":2}}}
,"C:\\Aditya\\playground\\ui\\resume-forge\\src\\components\\ui\\label.tsx": {"path":"C:\\Aditya\\playground\\ui\\resume-forge\\src\\components\\ui\\label.tsx","statementMap":{"0":{"start":{"line":6,"column":14},"end":{"line":16,"column":null}},"1":{"start":{"line":8,"column":2},"end":{"line":16,"column":null}},"2":{"start":{"line":17,"column":0},"end":{"line":17,"column":null}}},"fnMap":{"0":{"name":"(anonymous_0)","decl":{"start":{"line":6,"column":20},"end":{"line":6,"column":62}},"loc":{"start":{"line":8,"column":2},"end":{"line":16,"column":null}},"line":8}},"branchMap":{},"s":{"0":8,"1":323,"2":8},"f":{"0":323},"b":{},"meta":{"lastBranch":0,"lastFunction":1,"lastStatement":3,"seen":{"s:6:14:16:Infinity":0,"f:6:20:6:62":0,"s:8:2:16:Infinity":1,"s:17:0:17:Infinity":2}}}
,"C:\\Aditya\\playground\\ui\\resume-forge\\src\\features\\analysis\\components\\AnalyzeForm.tsx": {"path":"C:\\Aditya\\playground\\ui\\resume-forge\\src\\features\\analysis\\components\\AnalyzeForm.tsx","statementMap":{"0":{"start":{"line":11,"column":41},"end":{"line":11,"column":null}},"1":{"start":{"line":12,"column":8},"end":{"line":12,"column":null}},"2":{"start":{"line":18,"column":17},"end":{"line":21,"column":null}},"3":{"start":{"line":24,"column":4},"end":{"line":24,"column":null}},"4":{"start":{"line":27,"column":2},"end":{"line":113,"column":null}},"5":{"start":{"line":48,"column":14},"end":{"line":50,"column":null}},"6":{"start":{"line":99,"column":27},"end":{"line":99,"column":null}}},"fnMap":{"0":{"name":"AnalyzeForm","decl":{"start":{"line":10,"column":16},"end":{"line":10,"column":30}},"loc":{"start":{"line":10,"column":30},"end":{"line":115,"column":null}},"line":10},"1":{"name":"onSubmit","decl":{"start":{"line":23,"column":11},"end":{"line":23,"column":20}},"loc":{"start":{"line":23,"column":45},"end":{"line":25,"column":null}},"line":23},"2":{"name":"(anonymous_2)","decl":{"start":{"line":47,"column":21},"end":{"line":47,"column":26}},"loc":{"start":{"line":48,"column":14},"end":{"line":50,"column":null}},"line":48},"3":{"name":"(anonymous_3)","decl":{"start":{"line":99,"column":12},"end":{"line":99,"column":27}},"loc":{"start":{"line":99,"column":27},"end":{"line":99,"column":null}},"line":99}},"branchMap":{"0":{"loc":{"start":{"line":11,"column":16},"end":{"line":11,"column":30}},"type":"default-arg","locations":[{"start":{"line":11,"column":26},"end":{"line":11,"column":30}}],"line":11},"1":{"loc":{"start":{"line":39,"column":14},"end":{"line":39,"column":null}},"type":"binary-expr","locations":[{"start":{"line":39,"column":14},"end":{"line":39,"column":33}},{"start":{"line":39,"column":33},"end":{"line":39,"column":null}}],"line":39},"2":{"loc":{"start":{"line":43,"column":30},"end":{"line":43,"column":null}},"type":"cond-expr","locations":[{"start":{"line":43,"column":48},"end":{"line":43,"column":67}},{"start":{"line":43,"column":67},"end":{"line":43,"column":null}}],"line":43},"3":{"loc":{"start":{"line":46,"column":30},"end":{"line":46,"column":94}},"type":"cond-expr","locations":[{"start":{"line":46,"column":47},"end":{"line":46,"column":68}},{"start":{"line":46,"column":68},"end":{"line":46,"column":94}}],"line":46},"4":{"loc":{"start":{"line":53,"column":11},"end":{"line":56,"column":null}},"type":"binary-expr","locations":[{"start":{"line":53,"column":11},"end":{"line":53,"column":null}},{"start":{"line":54,"column":12},"end":{"line":56,"column":null}}],"line":53},"5":{"loc":{"start":{"line":58,"column":11},"end":{"line":64,"column":null}},"type":"binary-expr","locations":[{"start":{"line":58,"column":11},"end":{"line":58,"column":30}},{"start":{"line":58,"column":30},"end":{"line":58,"column":null}},{"start":{"line":59,"column":12},"end":{"line":64,"column":null}}],"line":58},"6":{"loc":{"start":{"line":80,"column":14},"end":{"line":80,"column":null}},"type":"binary-expr","locations":[{"start":{"line":80,"column":14},"end":{"line":80,"column":39}},{"start":{"line":80,"column":39},"end":{"line":80,"column":null}}],"line":80},"7":{"loc":{"start":{"line":83,"column":30},"end":{"line":83,"column":null}},"type":"cond-expr","locations":[{"start":{"line":83,"column":54},"end":{"line":83,"column":79}},{"start":{"line":83,"column":79},"end":{"line":83,"column":null}}],"line":83},"8":{"loc":{"start":{"line":86,"column":11},"end":{"line":89,"column":null}},"type":"binary-expr","locations":[{"start":{"line":86,"column":11},"end":{"line":86,"column":null}},{"start":{"line":87,"column":12},"end":{"line":89,"column":null}}],"line":86},"9":{"loc":{"start":{"line":106,"column":22},"end":{"line":106,"column":null}},"type":"binary-expr","locations":[{"start":{"line":106,"column":22},"end":{"line":106,"column":52}},{"start":{"line":106,"column":52},"end":{"line":106,"column":null}}],"line":106},"10":{"loc":{"start":{"line":109,"column":13},"end":{"line":109,"column":null}},"type":"cond-expr","locations":[{"start":{"line":109,"column":42},"end":{"line":109,"column":65}},{"start":{"line":109,"column":65},"end":{"line":109,"column":null}}],"line":109}},"s":{"0":90,"1":90,"2":90,"3":3,"4":90,"5":17,"6":1},"f":{"0":90,"1":3,"2":17,"3":1},"b":{"0":[90],"1":[90,1],"2":[1,89],"3":[54,36],"4":[90,1],"5":[90,36,19],"6":[90,2],"7":[2,88],"8":[90,2],"9":[90,88],"10":[2,88]},"meta":{"lastBranch":11,"lastFunction":4,"lastStatement":7,"seen":{"f:10:16:10:30":0,"s:11:41:11:Infinity":0,"b:11:26:11:30":0,"s:12:8:12:Infinity":1,"s:18:17:21:Infinity":2,"f:23:11:23:20":1,"s:24:4:24:Infinity":3,"s:27:2:113:Infinity":4,"b:39:14:39:33:39:33:39:Infinity":1,"b:43:48:43:67:43:67:43:Infinity":2,"b:46:47:46:68:46:68:46:94":3,"f:47:21:47:26":2,"s:48:14:50:Infinity":5,"b:53:11:53:Infinity:54:12:56:Infinity":4,"b:58:11:58:30:58:30:58:Infinity:59:12:64:Infinity":5,"b:80:14:80:39:80:39:80:Infinity":6,"b:83:54:83:79:83:79:83:Infinity":7,"b:86:11:86:Infinity:87:12:89:Infinity":8,"f:99:12:99:27":3,"s:99:27:99:Infinity":6,"b:106:22:106:52:106:52:106:Infinity":9,"b:109:42:109:65:109:65:109:Infinity":10}}}
,"C:\\Aditya\\playground\\ui\\resume-forge\\src\\features\\analysis\\hooks\\useAnalysesList.ts": {"path":"C:\\Aditya\\playground\\ui\\resume-forge\\src\\features\\analysis\\hooks\\useAnalysesList.ts","statementMap":{"0":{"start":{"line":5,"column":2},"end":{"line":8,"column":null}},"1":{"start":{"line":7,"column":19},"end":{"line":7,"column":null}}},"fnMap":{"0":{"name":"useAnalysesList","decl":{"start":{"line":4,"column":16},"end":{"line":4,"column":32}},"loc":{"start":{"line":4,"column":54},"end":{"line":9,"column":null}},"line":4},"1":{"name":"(anonymous_1)","decl":{"start":{"line":7,"column":4},"end":{"line":7,"column":19}},"loc":{"start":{"line":7,"column":19},"end":{"line":7,"column":null}},"line":7}},"branchMap":{"0":{"loc":{"start":{"line":4,"column":32},"end":{"line":4,"column":42}},"type":"default-arg","locations":[{"start":{"line":4,"column":39},"end":{"line":4,"column":42}}],"line":4},"1":{"loc":{"start":{"line":4,"column":42},"end":{"line":4,"column":54}},"type":"default-arg","locations":[{"start":{"line":4,"column":50},"end":{"line":4,"column":54}}],"line":4}},"s":{"0":18,"1":10},"f":{"0":18,"1":10},"b":{"0":[18],"1":[18]},"meta":{"lastBranch":2,"lastFunction":2,"lastStatement":2,"seen":{"f:4:16:4:32":0,"b:4:39:4:42":0,"b:4:50:4:54":1,"s:5:2:8:Infinity":0,"f:7:4:7:19":1,"s:7:19:7:Infinity":1}}}
,"C:\\Aditya\\playground\\ui\\resume-forge\\src\\features\\analysis\\hooks\\useCreateAnalysisMutation.ts": {"path":"C:\\Aditya\\playground\\ui\\resume-forge\\src\\features\\analysis\\hooks\\useCreateAnalysisMutation.ts","statementMap":{"0":{"start":{"line":10,"column":8},"end":{"line":10,"column":null}},"1":{"start":{"line":11,"column":8},"end":{"line":11,"column":null}},"2":{"start":{"line":12,"column":8},"end":{"line":12,"column":null}},"3":{"start":{"line":14,"column":2},"end":{"line":36,"column":null}},"4":{"start":{"line":15,"column":45},"end":{"line":15,"column":null}},"5":{"start":{"line":17,"column":6},"end":{"line":17,"column":null}},"6":{"start":{"line":19,"column":6},"end":{"line":27,"column":null}},"7":{"start":{"line":29,"column":6},"end":{"line":29,"column":null}},"8":{"start":{"line":30,"column":6},"end":{"line":30,"column":null}}},"fnMap":{"0":{"name":"useCreateAnalysisMutation","decl":{"start":{"line":9,"column":16},"end":{"line":9,"column":44}},"loc":{"start":{"line":9,"column":44},"end":{"line":37,"column":null}},"line":9},"1":{"name":"(anonymous_1)","decl":{"start":{"line":15,"column":4},"end":{"line":15,"column":17}},"loc":{"start":{"line":15,"column":45},"end":{"line":15,"column":null}},"line":15},"2":{"name":"(anonymous_2)","decl":{"start":{"line":16,"column":4},"end":{"line":16,"column":16}},"loc":{"start":{"line":16,"column":36},"end":{"line":31,"column":null}},"line":16},"3":{"name":"(anonymous_3)","decl":{"start":{"line":32,"column":4},"end":{"line":32,"column":14}},"loc":{"start":{"line":32,"column":31},"end":{"line":35,"column":null}},"line":32}},"branchMap":{},"s":{"0":90,"1":90,"2":90,"3":90,"4":3,"5":2,"6":2,"7":2,"8":2},"f":{"0":90,"1":3,"2":2,"3":1},"b":{},"meta":{"lastBranch":0,"lastFunction":4,"lastStatement":9,"seen":{"f:9:16:9:44":0,"s:10:8:10:Infinity":0,"s:11:8:11:Infinity":1,"s:12:8:12:Infinity":2,"s:14:2:36:Infinity":3,"f:15:4:15:17":1,"s:15:45:15:Infinity":4,"f:16:4:16:16":2,"s:17:6:17:Infinity":5,"s:19:6:27:Infinity":6,"s:29:6:29:Infinity":7,"s:30:6:30:Infinity":8,"f:32:4:32:14":3}}}
,"C:\\Aditya\\playground\\ui\\resume-forge\\src\\features\\analysis\\hooks\\useResumesForSelect.ts": {"path":"C:\\Aditya\\playground\\ui\\resume-forge\\src\\features\\analysis\\hooks\\useResumesForSelect.ts","statementMap":{"0":{"start":{"line":5,"column":2},"end":{"line":16,"column":null}},"1":{"start":{"line":7,"column":19},"end":{"line":7,"column":null}},"2":{"start":{"line":9,"column":6},"end":{"line":15,"column":null}},"3":{"start":{"line":10,"column":23},"end":{"line":10,"column":47}},"4":{"start":{"line":11,"column":21},"end":{"line":15,"column":10}}},"fnMap":{"0":{"name":"useResumesForSelect","decl":{"start":{"line":4,"column":16},"end":{"line":4,"column":38}},"loc":{"start":{"line":4,"column":38},"end":{"line":17,"column":null}},"line":4},"1":{"name":"(anonymous_1)","decl":{"start":{"line":7,"column":4},"end":{"line":7,"column":19}},"loc":{"start":{"line":7,"column":19},"end":{"line":7,"column":null}},"line":7},"2":{"name":"(anonymous_2)","decl":{"start":{"line":8,"column":4},"end":{"line":8,"column":13}},"loc":{"start":{"line":9,"column":6},"end":{"line":15,"column":null}},"line":9},"3":{"name":"(anonymous_3)","decl":{"start":{"line":10,"column":9},"end":{"line":10,"column":17}},"loc":{"start":{"line":10,"column":23},"end":{"line":10,"column":47}},"line":10},"4":{"name":"(anonymous_4)","decl":{"start":{"line":11,"column":9},"end":{"line":11,"column":14}},"loc":{"start":{"line":11,"column":21},"end":{"line":15,"column":10}},"line":11}},"branchMap":{},"s":{"0":90,"1":27,"2":46,"3":24,"4":24},"f":{"0":90,"1":27,"2":46,"3":24,"4":24},"b":{},"meta":{"lastBranch":0,"lastFunction":5,"lastStatement":5,"seen":{"f:4:16:4:38":0,"s:5:2:16:Infinity":0,"f:7:4:7:19":1,"s:7:19:7:Infinity":1,"f:8:4:8:13":2,"s:9:6:15:Infinity":2,"f:10:9:10:17":3,"s:10:23:10:47":3,"f:11:9:11:14":4,"s:11:21:15:10":4}}}
,"C:\\Aditya\\playground\\ui\\resume-forge\\src\\features\\auth\\hooks\\useAuth.ts": {"path":"C:\\Aditya\\playground\\ui\\resume-forge\\src\\features\\auth\\hooks\\useAuth.ts","statementMap":{"0":{"start":{"line":5,"column":8},"end":{"line":5,"column":null}},"1":{"start":{"line":6,"column":8},"end":{"line":6,"column":null}},"2":{"start":{"line":8,"column":2},"end":{"line":11,"column":null}}},"fnMap":{"0":{"name":"useAuth","decl":{"start":{"line":4,"column":16},"end":{"line":4,"column":26}},"loc":{"start":{"line":4,"column":26},"end":{"line":12,"column":null}},"line":4}},"branchMap":{},"s":{"0":2,"1":2,"2":2},"f":{"0":2},"b":{},"meta":{"lastBranch":0,"lastFunction":1,"lastStatement":3,"seen":{"f:4:16:4:26":0,"s:5:8:5:Infinity":0,"s:6:8:6:Infinity":1,"s:8:2:11:Infinity":2}}}
,"C:\\Aditya\\playground\\ui\\resume-forge\\src\\features\\auth\\hooks\\useAuthMutations.ts": {"path":"C:\\Aditya\\playground\\ui\\resume-forge\\src\\features\\auth\\hooks\\useAuthMutations.ts","statementMap":{"0":{"start":{"line":10,"column":8},"end":{"line":10,"column":null}},"1":{"start":{"line":11,"column":8},"end":{"line":11,"column":null}},"2":{"start":{"line":13,"column":2},"end":{"line":32,"column":null}},"3":{"start":{"line":14,"column":36},"end":{"line":14,"column":null}},"4":{"start":{"line":16,"column":6},"end":{"line":22,"column":null}},"5":{"start":{"line":23,"column":6},"end":{"line":23,"column":null}},"6":{"start":{"line":27,"column":8},"end":{"line":29,"column":null}},"7":{"start":{"line":30,"column":6},"end":{"line":30,"column":null}},"8":{"start":{"line":36,"column":8},"end":{"line":36,"column":null}},"9":{"start":{"line":37,"column":8},"end":{"line":37,"column":null}},"10":{"start":{"line":39,"column":2},"end":{"line":59,"column":null}},"11":{"start":{"line":40,"column":39},"end":{"line":40,"column":null}},"12":{"start":{"line":42,"column":6},"end":{"line":48,"column":null}},"13":{"start":{"line":49,"column":6},"end":{"line":49,"column":null}},"14":{"start":{"line":50,"column":6},"end":{"line":50,"column":null}},"15":{"start":{"line":54,"column":8},"end":{"line":56,"column":null}},"16":{"start":{"line":57,"column":6},"end":{"line":57,"column":null}},"17":{"start":{"line":63,"column":8},"end":{"line":63,"column":null}},"18":{"start":{"line":64,"column":8},"end":{"line":64,"column":null}},"19":{"start":{"line":65,"column":8},"end":{"line":65,"column":null}},"20":{"start":{"line":67,"column":2},"end":{"line":74,"column":null}},"21":{"start":{"line":68,"column":22},"end":{"line":68,"column":null}},"22":{"start":{"line":70,"column":6},"end":{"line":70,"column":null}},"23":{"start":{"line":71,"column":6},"end":{"line":71,"column":null}},"24":{"start":{"line":72,"column":6},"end":{"line":72,"column":null}}},"fnMap":{"0":{"name":"useLoginMutation","decl":{"start":{"line":9,"column":16},"end":{"line":9,"column":35}},"loc":{"start":{"line":9,"column":35},"end":{"line":33,"column":null}},"line":9},"1":{"name":"(anonymous_1)","decl":{"start":{"line":14,"column":4},"end":{"line":14,"column":17}},"loc":{"start":{"line":14,"column":36},"end":{"line":14,"column":null}},"line":14},"2":{"name":"(anonymous_2)","decl":{"start":{"line":15,"column":4},"end":{"line":15,"column":16}},"loc":{"start":{"line":15,"column":29},"end":{"line":24,"column":null}},"line":15},"3":{"name":"(anonymous_3)","decl":{"start":{"line":25,"column":4},"end":{"line":25,"column":14}},"loc":{"start":{"line":25,"column":33},"end":{"line":31,"column":null}},"line":25},"4":{"name":"useRegisterMutation","decl":{"start":{"line":35,"column":16},"end":{"line":35,"column":38}},"loc":{"start":{"line":35,"column":38},"end":{"line":60,"column":null}},"line":35},"5":{"name":"(anonymous_5)","decl":{"start":{"line":40,"column":4},"end":{"line":40,"column":17}},"loc":{"start":{"line":40,"column":39},"end":{"line":40,"column":null}},"line":40},"6":{"name":"(anonymous_6)","decl":{"start":{"line":41,"column":4},"end":{"line":41,"column":16}},"loc":{"start":{"line":41,"column":29},"end":{"line":51,"column":null}},"line":41},"7":{"name":"(anonymous_7)","decl":{"start":{"line":52,"column":4},"end":{"line":52,"column":14}},"loc":{"start":{"line":52,"column":33},"end":{"line":58,"column":null}},"line":52},"8":{"name":"useLogoutMutation","decl":{"start":{"line":62,"column":16},"end":{"line":62,"column":36}},"loc":{"start":{"line":62,"column":36},"end":{"line":75,"column":null}},"line":62},"9":{"name":"(anonymous_9)","decl":{"start":{"line":68,"column":4},"end":{"line":68,"column":22}},"loc":{"start":{"line":68,"column":22},"end":{"line":68,"column":null}},"line":68},"10":{"name":"(anonymous_10)","decl":{"start":{"line":69,"column":4},"end":{"line":69,"column":21}},"loc":{"start":{"line":69,"column":21},"end":{"line":73,"column":null}},"line":69}},"branchMap":{"0":{"loc":{"start":{"line":27,"column":8},"end":{"line":29,"column":null}},"type":"cond-expr","locations":[{"start":{"line":28,"column":12},"end":{"line":28,"column":null}}],"line":27},"1":{"loc":{"start":{"line":54,"column":8},"end":{"line":56,"column":null}},"type":"cond-expr","locations":[{"start":{"line":55,"column":12},"end":{"line":55,"column":null}}],"line":54}},"s":{"0":32,"1":32,"2":32,"3":3,"4":2,"5":2,"6":1,"7":1,"8":33,"9":33,"10":33,"11":3,"12":2,"13":2,"14":2,"15":1,"16":1,"17":19,"18":19,"19":19,"20":19,"21":1,"22":1,"23":1,"24":1},"f":{"0":32,"1":3,"2":2,"3":1,"4":33,"5":3,"6":2,"7":1,"8":19,"9":1,"10":1},"b":{"0":[1],"1":[1]},"meta":{"lastBranch":2,"lastFunction":11,"lastStatement":25,"seen":{"f:9:16:9:35":0,"s:10:8:10:Infinity":0,"s:11:8:11:Infinity":1,"s:13:2:32:Infinity":2,"f:14:4:14:17":1,"s:14:36:14:Infinity":3,"f:15:4:15:16":2,"s:16:6:22:Infinity":4,"s:23:6:23:Infinity":5,"f:25:4:25:14":3,"s:27:8:29:Infinity":6,"b:28:12:28:Infinity":0,"s:30:6:30:Infinity":7,"f:35:16:35:38":4,"s:36:8:36:Infinity":8,"s:37:8:37:Infinity":9,"s:39:2:59:Infinity":10,"f:40:4:40:17":5,"s:40:39:40:Infinity":11,"f:41:4:41:16":6,"s:42:6:48:Infinity":12,"s:49:6:49:Infinity":13,"s:50:6:50:Infinity":14,"f:52:4:52:14":7,"s:54:8:56:Infinity":15,"b:55:12:55:Infinity":1,"s:57:6:57:Infinity":16,"f:62:16:62:36":8,"s:63:8:63:Infinity":17,"s:64:8:64:Infinity":18,"s:65:8:65:Infinity":19,"s:67:2:74:Infinity":20,"f:68:4:68:22":9,"s:68:22:68:Infinity":21,"f:69:4:69:21":10,"s:70:6:70:Infinity":22,"s:71:6:71:Infinity":23,"s:72:6:72:Infinity":24}}}
,"C:\\Aditya\\playground\\ui\\resume-forge\\src\\features\\common\\components\\StreamViewer.tsx": {"path":"C:\\Aditya\\playground\\ui\\resume-forge\\src\\features\\common\\components\\StreamViewer.tsx","statementMap":{"0":{"start":{"line":16,"column":52},"end":{"line":22,"column":null}},"1":{"start":{"line":24,"column":57},"end":{"line":30,"column":null}},"2":{"start":{"line":41,"column":8},"end":{"line":41,"column":null}},"3":{"start":{"line":44,"column":2},"end":{"line":48,"column":null}},"4":{"start":{"line":45,"column":4},"end":{"line":47,"column":null}},"5":{"start":{"line":46,"column":6},"end":{"line":46,"column":null}},"6":{"start":{"line":51,"column":2},"end":{"line":55,"column":null}},"7":{"start":{"line":52,"column":4},"end":{"line":54,"column":null}},"8":{"start":{"line":53,"column":6},"end":{"line":53,"column":null}},"9":{"start":{"line":57,"column":2},"end":{"line":101,"column":null}}},"fnMap":{"0":{"name":"StreamViewer","decl":{"start":{"line":32,"column":16},"end":{"line":32,"column":29}},"loc":{"start":{"line":40,"column":22},"end":{"line":103,"column":null}},"line":40},"1":{"name":"(anonymous_1)","decl":{"start":{"line":44,"column":2},"end":{"line":44,"column":18}},"loc":{"start":{"line":44,"column":18},"end":{"line":48,"column":5}},"line":44},"2":{"name":"(anonymous_2)","decl":{"start":{"line":51,"column":2},"end":{"line":51,"column":18}},"loc":{"start":{"line":51,"column":18},"end":{"line":55,"column":5}},"line":51}},"branchMap":{"0":{"loc":{"start":{"line":45,"column":4},"end":{"line":47,"column":null}},"type":"if","locations":[{"start":{"line":45,"column":4},"end":{"line":47,"column":null}},{"start":{},"end":{}}],"line":45},"1":{"loc":{"start":{"line":52,"column":4},"end":{"line":54,"column":null}},"type":"if","locations":[{"start":{"line":52,"column":4},"end":{"line":54,"column":null}},{"start":{},"end":{}}],"line":52},"2":{"loc":{"start":{"line":63,"column":11},"end":{"line":64,"column":null}},"type":"binary-expr","locations":[{"start":{"line":63,"column":11},"end":{"line":63,"column":23}},{"start":{"line":63,"column":23},"end":{"line":64,"column":null}}],"line":63},"3":{"loc":{"start":{"line":71,"column":12},"end":{"line":72,"column":null}},"type":"binary-expr","locations":[{"start":{"line":71,"column":12},"end":{"line":71,"column":39}},{"start":{"line":71,"column":39},"end":{"line":71,"column":null}},{"start":{"line":72,"column":12},"end":{"line":72,"column":null}}],"line":71},"4":{"loc":{"start":{"line":78,"column":7},"end":{"line":84,"column":null}},"type":"binary-expr","locations":[{"start":{"line":78,"column":7},"end":{"line":78,"column":30}},{"start":{"line":78,"column":30},"end":{"line":78,"column":null}},{"start":{"line":79,"column":8},"end":{"line":84,"column":null}}],"line":78},"5":{"loc":{"start":{"line":92,"column":9},"end":{"line":99,"column":9}},"type":"cond-expr","locations":[{"start":{"line":93,"column":10},"end":{"line":95,"column":11}},{"start":{"line":95,"column":10},"end":{"line":99,"column":9}}],"line":92},"6":{"loc":{"start":{"line":96,"column":13},"end":{"line":96,"column":null}},"type":"cond-expr","locations":[{"start":{"line":96,"column":35},"end":{"line":96,"column":50}},{"start":{"line":96,"column":50},"end":{"line":96,"column":null}}],"line":96}},"s":{"0":6,"1":6,"2":21,"3":21,"4":21,"5":2,"6":21,"7":21,"8":4,"9":21},"f":{"0":21,"1":21,"2":21},"b":{"0":[2,19],"1":[4,17],"2":[21,10],"3":[21,17,6],"4":[21,2,1],"5":[3,18],"6":[2,16]},"meta":{"lastBranch":7,"lastFunction":3,"lastStatement":10,"seen":{"s:16:52:22:Infinity":0,"s:24:57:30:Infinity":1,"f:32:16:32:29":0,"s:41:8:41:Infinity":2,"s:44:2:48:Infinity":3,"f:44:2:44:18":1,"b:45:4:47:Infinity:undefined:undefined:undefined:undefined":0,"s:45:4:47:Infinity":4,"s:46:6:46:Infinity":5,"s:51:2:55:Infinity":6,"f:51:2:51:18":2,"b:52:4:54:Infinity:undefined:undefined:undefined:undefined":1,"s:52:4:54:Infinity":7,"s:53:6:53:Infinity":8,"s:57:2:101:Infinity":9,"b:63:11:63:23:63:23:64:Infinity":2,"b:71:12:71:39:71:39:71:Infinity:72:12:72:Infinity":3,"b:78:7:78:30:78:30:78:Infinity:79:8:84:Infinity":4,"b:93:10:95:11:95:10:99:9":5,"b:96:35:96:50:96:50:96:Infinity":6}}}
,"C:\\Aditya\\playground\\ui\\resume-forge\\src\\features\\common\\hooks\\useStreamJob.ts": {"path":"C:\\Aditya\\playground\\ui\\resume-forge\\src\\features\\common\\hooks\\useStreamJob.ts","statementMap":{"0":{"start":{"line":21,"column":17},"end":{"line":21,"column":null}},"1":{"start":{"line":22,"column":19},"end":{"line":22,"column":null}},"2":{"start":{"line":23,"column":17},"end":{"line":23,"column":null}},"3":{"start":{"line":24,"column":16},"end":{"line":24,"column":null}},"4":{"start":{"line":25,"column":8},"end":{"line":25,"column":null}},"5":{"start":{"line":27,"column":2},"end":{"line":81,"column":null}},"6":{"start":{"line":28,"column":4},"end":{"line":28,"column":null}},"7":{"start":{"line":28,"column":28},"end":{"line":28,"column":null}},"8":{"start":{"line":30,"column":18},"end":{"line":30,"column":null}},"9":{"start":{"line":31,"column":16},"end":{"line":31,"column":null}},"10":{"start":{"line":33,"column":4},"end":{"line":33,"column":null}},"11":{"start":{"line":34,"column":4},"end":{"line":34,"column":null}},"12":{"start":{"line":35,"column":4},"end":{"line":35,"column":null}},"13":{"start":{"line":36,"column":4},"end":{"line":36,"column":null}},"14":{"start":{"line":38,"column":15},"end":{"line":38,"column":null}},"15":{"start":{"line":39,"column":4},"end":{"line":39,"column":null}},"16":{"start":{"line":41,"column":4},"end":{"line":46,"column":null}},"17":{"start":{"line":42,"column":19},"end":{"line":42,"column":null}},"18":{"start":{"line":43,"column":6},"end":{"line":43,"column":null}},"19":{"start":{"line":44,"column":6},"end":{"line":44,"column":null}},"20":{"start":{"line":45,"column":6},"end":{"line":45,"column":null}},"21":{"start":{"line":48,"column":4},"end":{"line":53,"column":null}},"22":{"start":{"line":49,"column":20},"end":{"line":49,"column":null}},"23":{"start":{"line":50,"column":6},"end":{"line":50,"column":null}},"24":{"start":{"line":50,"column":26},"end":{"line":50,"column":42}},"25":{"start":{"line":51,"column":6},"end":{"line":51,"column":null}},"26":{"start":{"line":51,"column":28},"end":{"line":51,"column":40}},"27":{"start":{"line":52,"column":6},"end":{"line":52,"column":null}},"28":{"start":{"line":55,"column":4},"end":{"line":60,"column":null}},"29":{"start":{"line":56,"column":19},"end":{"line":56,"column":null}},"30":{"start":{"line":57,"column":6},"end":{"line":57,"column":null}},"31":{"start":{"line":57,"column":16},"end":{"line":57,"column":null}},"32":{"start":{"line":58,"column":6},"end":{"line":58,"column":null}},"33":{"start":{"line":59,"column":6},"end":{"line":59,"column":null}},"34":{"start":{"line":62,"column":4},"end":{"line":68,"column":null}},"35":{"start":{"line":63,"column":19},"end":{"line":63,"column":null}},"36":{"start":{"line":64,"column":6},"end":{"line":64,"column":null}},"37":{"start":{"line":65,"column":6},"end":{"line":65,"column":null}},"38":{"start":{"line":66,"column":6},"end":{"line":66,"column":null}},"39":{"start":{"line":67,"column":6},"end":{"line":67,"column":null}},"40":{"start":{"line":70,"column":4},"end":{"line":76,"column":null}},"41":{"start":{"line":71,"column":18},"end":{"line":71,"column":null}},"42":{"start":{"line":72,"column":6},"end":{"line":72,"column":null}},"43":{"start":{"line":73,"column":6},"end":{"line":73,"column":null}},"44":{"start":{"line":74,"column":6},"end":{"line":74,"column":null}},"45":{"start":{"line":75,"column":6},"end":{"line":75,"column":null}},"46":{"start":{"line":78,"column":4},"end":{"line":80,"column":null}},"47":{"start":{"line":79,"column":6},"end":{"line":79,"column":null}},"48":{"start":{"line":83,"column":2},"end":{"line":83,"column":null}}},"fnMap":{"0":{"name":"useStreamJob","decl":{"start":{"line":20,"column":16},"end":{"line":20,"column":29}},"loc":{"start":{"line":20,"column":97},"end":{"line":84,"column":null}},"line":20},"1":{"name":"(anonymous_1)","decl":{"start":{"line":27,"column":2},"end":{"line":27,"column":18}},"loc":{"start":{"line":27,"column":18},"end":{"line":81,"column":5}},"line":27},"2":{"name":"(anonymous_2)","decl":{"start":{"line":41,"column":24},"end":{"line":41,"column":36}},"loc":{"start":{"line":41,"column":56},"end":{"line":46,"column":5}},"line":41},"3":{"name":"(anonymous_3)","decl":{"start":{"line":48,"column":24},"end":{"line":48,"column":34}},"loc":{"start":{"line":48,"column":54},"end":{"line":53,"column":5}},"line":48},"4":{"name":"(anonymous_4)","decl":{"start":{"line":50,"column":6},"end":{"line":50,"column":17}},"loc":{"start":{"line":50,"column":26},"end":{"line":50,"column":42}},"line":50},"5":{"name":"(anonymous_5)","decl":{"start":{"line":51,"column":6},"end":{"line":51,"column":19}},"loc":{"start":{"line":51,"column":28},"end":{"line":51,"column":40}},"line":51},"6":{"name":"(anonymous_6)","decl":{"start":{"line":55,"column":24},"end":{"line":55,"column":33}},"loc":{"start":{"line":55,"column":53},"end":{"line":60,"column":5}},"line":55},"7":{"name":"(anonymous_7)","decl":{"start":{"line":62,"column":24},"end":{"line":62,"column":35}},"loc":{"start":{"line":62,"column":55},"end":{"line":68,"column":5}},"line":62},"8":{"name":"(anonymous_8)","decl":{"start":{"line":70,"column":7},"end":{"line":70,"column":23}},"loc":{"start":{"line":70,"column":23},"end":{"line":76,"column":null}},"line":70},"9":{"name":"(anonymous_9)","decl":{"start":{"line":78,"column":4},"end":{"line":78,"column":17}},"loc":{"start":{"line":78,"column":17},"end":{"line":80,"column":null}},"line":78}},"branchMap":{"0":{"loc":{"start":{"line":20,"column":38},"end":{"line":20,"column":97}},"type":"default-arg","locations":[{"start":{"line":20,"column":48},"end":{"line":20,"column":97}}],"line":20},"1":{"loc":{"start":{"line":28,"column":4},"end":{"line":28,"column":null}},"type":"if","locations":[{"start":{"line":28,"column":4},"end":{"line":28,"column":null}},{"start":{},"end":{}}],"line":28},"2":{"loc":{"start":{"line":28,"column":8},"end":{"line":28,"column":28}},"type":"binary-expr","locations":[{"start":{"line":28,"column":8},"end":{"line":28,"column":18}},{"start":{"line":28,"column":18},"end":{"line":28,"column":28}}],"line":28},"3":{"loc":{"start":{"line":31,"column":58},"end":{"line":31,"column":null}},"type":"cond-expr","locations":[{"start":{"line":31,"column":66},"end":{"line":31,"column":106}},{"start":{"line":31,"column":106},"end":{"line":31,"column":null}}],"line":31},"4":{"loc":{"start":{"line":57,"column":6},"end":{"line":57,"column":null}},"type":"if","locations":[{"start":{"line":57,"column":6},"end":{"line":57,"column":null}},{"start":{},"end":{}}],"line":57},"5":{"loc":{"start":{"line":63,"column":19},"end":{"line":63,"column":null}},"type":"binary-expr","locations":[{"start":{"line":63,"column":19},"end":{"line":63,"column":40}},{"start":{"line":63,"column":40},"end":{"line":63,"column":null}}],"line":63}},"s":{"0":42,"1":42,"2":42,"3":42,"4":42,"5":42,"6":22,"7":10,"8":12,"9":12,"10":22,"11":22,"12":22,"13":22,"14":22,"15":22,"16":22,"17":1,"18":1,"19":1,"20":1,"21":22,"22":1,"23":1,"24":1,"25":1,"26":1,"27":1,"28":22,"29":2,"30":2,"31":1,"32":2,"33":2,"34":22,"35":2,"36":2,"37":2,"38":2,"39":2,"40":22,"41":1,"42":1,"43":1,"44":1,"45":1,"46":22,"47":12,"48":42},"f":{"0":42,"1":22,"2":1,"3":1,"4":1,"5":1,"6":2,"7":2,"8":1,"9":12},"b":{"0":[42],"1":[10,12],"2":[22,13],"3":[1,11],"4":[1,1],"5":[2,1]},"meta":{"lastBranch":6,"lastFunction":10,"lastStatement":49,"seen":{"f:20:16:20:29":0,"b:20:48:20:97":0,"s:21:17:21:Infinity":0,"s:22:19:22:Infinity":1,"s:23:17:23:Infinity":2,"s:24:16:24:Infinity":3,"s:25:8:25:Infinity":4,"s:27:2:81:Infinity":5,"f:27:2:27:18":1,"b:28:4:28:Infinity:undefined:undefined:undefined:undefined":1,"s:28:4:28:Infinity":6,"b:28:8:28:18:28:18:28:28":2,"s:28:28:28:Infinity":7,"s:30:18:30:Infinity":8,"s:31:16:31:Infinity":9,"b:31:66:31:106:31:106:31:Infinity":3,"s:33:4:33:Infinity":10,"s:34:4:34:Infinity":11,"s:35:4:35:Infinity":12,"s:36:4:36:Infinity":13,"s:38:15:38:Infinity":14,"s:39:4:39:Infinity":15,"s:41:4:46:Infinity":16,"f:41:24:41:36":2,"s:42:19:42:Infinity":17,"s:43:6:43:Infinity":18,"s:44:6:44:Infinity":19,"s:45:6:45:Infinity":20,"s:48:4:53:Infinity":21,"f:48:24:48:34":3,"s:49:20:49:Infinity":22,"s:50:6:50:Infinity":23,"f:50:6:50:17":4,"s:50:26:50:42":24,"s:51:6:51:Infinity":25,"f:51:6:51:19":5,"s:51:28:51:40":26,"s:52:6:52:Infinity":27,"s:55:4:60:Infinity":28,"f:55:24:55:33":6,"s:56:19:56:Infinity":29,"b:57:6:57:Infinity:undefined:undefined:undefined:undefined":4,"s:57:6:57:Infinity":30,"s:57:16:57:Infinity":31,"s:58:6:58:Infinity":32,"s:59:6:59:Infinity":33,"s:62:4:68:Infinity":34,"f:62:24:62:35":7,"s:63:19:63:Infinity":35,"b:63:19:63:40:63:40:63:Infinity":5,"s:64:6:64:Infinity":36,"s:65:6:65:Infinity":37,"s:66:6:66:Infinity":38,"s:67:6:67:Infinity":39,"s:70:4:76:Infinity":40,"f:70:7:70:23":8,"s:71:18:71:Infinity":41,"s:72:6:72:Infinity":42,"s:73:6:73:Infinity":43,"s:74:6:74:Infinity":44,"s:75:6:75:Infinity":45,"s:78:4:80:Infinity":46,"f:78:4:78:17":9,"s:79:6:79:Infinity":47,"s:83:2:83:Infinity":48}}}
,"C:\\Aditya\\playground\\ui\\resume-forge\\src\\features\\dashboard\\components\\StatsCard.tsx": {"path":"C:\\Aditya\\playground\\ui\\resume-forge\\src\\features\\dashboard\\components\\StatsCard.tsx","statementMap":{"0":{"start":{"line":12,"column":2},"end":{"line":20,"column":null}}},"fnMap":{"0":{"name":"StatsCard","decl":{"start":{"line":11,"column":16},"end":{"line":11,"column":26}},"loc":{"start":{"line":11,"column":90},"end":{"line":22,"column":null}},"line":11}},"branchMap":{"0":{"loc":{"start":{"line":19,"column":7},"end":{"line":19,"column":null}},"type":"binary-expr","locations":[{"start":{"line":19,"column":7},"end":{"line":19,"column":22}},{"start":{"line":19,"column":22},"end":{"line":19,"column":null}}],"line":19}},"s":{"0":14},"f":{"0":14},"b":{"0":[14,11]},"meta":{"lastBranch":1,"lastFunction":1,"lastStatement":1,"seen":{"f:11:16:11:26":0,"s:12:2:20:Infinity":0,"b:19:7:19:22:19:22:19:Infinity":0}}}
,"C:\\Aditya\\playground\\ui\\resume-forge\\src\\features\\dashboard\\components\\StatsCardSkeleton.tsx": {"path":"C:\\Aditya\\playground\\ui\\resume-forge\\src\\features\\dashboard\\components\\StatsCardSkeleton.tsx","statementMap":{"0":{"start":{"line":2,"column":2},"end":{"line":10,"column":null}}},"fnMap":{"0":{"name":"StatsCardSkeleton","decl":{"start":{"line":1,"column":16},"end":{"line":1,"column":36}},"loc":{"start":{"line":1,"column":36},"end":{"line":12,"column":null}},"line":1}},"branchMap":{},"s":{"0":15},"f":{"0":15},"b":{},"meta":{"lastBranch":0,"lastFunction":1,"lastStatement":1,"seen":{"f:1:16:1:36":0,"s:2:2:10:Infinity":0}}}
,"C:\\Aditya\\playground\\ui\\resume-forge\\src\\features\\dashboard\\hooks\\useDashboardStats.ts": {"path":"C:\\Aditya\\playground\\ui\\resume-forge\\src\\features\\dashboard\\hooks\\useDashboardStats.ts","statementMap":{"0":{"start":{"line":5,"column":8},"end":{"line":8,"column":null}},"1":{"start":{"line":7,"column":19},"end":{"line":7,"column":null}},"2":{"start":{"line":10,"column":8},"end":{"line":13,"column":null}},"3":{"start":{"line":12,"column":19},"end":{"line":12,"column":null}},"4":{"start":{"line":15,"column":2},"end":{"line":25,"column":null}},"5":{"start":{"line":22,"column":6},"end":{"line":22,"column":null}},"6":{"start":{"line":23,"column":6},"end":{"line":23,"column":null}}},"fnMap":{"0":{"name":"useDashboardStats","decl":{"start":{"line":4,"column":16},"end":{"line":4,"column":36}},"loc":{"start":{"line":4,"column":36},"end":{"line":26,"column":null}},"line":4},"1":{"name":"(anonymous_1)","decl":{"start":{"line":7,"column":4},"end":{"line":7,"column":19}},"loc":{"start":{"line":7,"column":19},"end":{"line":7,"column":null}},"line":7},"2":{"name":"(anonymous_2)","decl":{"start":{"line":12,"column":4},"end":{"line":12,"column":19}},"loc":{"start":{"line":12,"column":19},"end":{"line":12,"column":null}},"line":12},"3":{"name":"(anonymous_3)","decl":{"start":{"line":21,"column":4},"end":{"line":21,"column":19}},"loc":{"start":{"line":21,"column":19},"end":{"line":24,"column":null}},"line":21}},"branchMap":{"0":{"loc":{"start":{"line":16,"column":18},"end":{"line":16,"column":null}},"type":"binary-expr","locations":[{"start":{"line":16,"column":18},"end":{"line":16,"column":46}},{"start":{"line":16,"column":46},"end":{"line":16,"column":null}}],"line":16},"1":{"loc":{"start":{"line":17,"column":19},"end":{"line":17,"column":null}},"type":"binary-expr","locations":[{"start":{"line":17,"column":19},"end":{"line":17,"column":48}},{"start":{"line":17,"column":48},"end":{"line":17,"column":null}}],"line":17},"2":{"loc":{"start":{"line":18,"column":15},"end":{"line":18,"column":null}},"type":"binary-expr","locations":[{"start":{"line":18,"column":15},"end":{"line":18,"column":41}},{"start":{"line":18,"column":41},"end":{"line":18,"column":null}}],"line":18},"3":{"loc":{"start":{"line":19,"column":13},"end":{"line":19,"column":null}},"type":"binary-expr","locations":[{"start":{"line":19,"column":13},"end":{"line":19,"column":37}},{"start":{"line":19,"column":37},"end":{"line":19,"column":null}}],"line":19},"4":{"loc":{"start":{"line":20,"column":11},"end":{"line":20,"column":null}},"type":"binary-expr","locations":[{"start":{"line":20,"column":11},"end":{"line":20,"column":33}},{"start":{"line":20,"column":33},"end":{"line":20,"column":null}}],"line":20}},"s":{"0":12,"1":8,"2":12,"3":8,"4":12,"5":1,"6":1},"f":{"0":12,"1":8,"2":8,"3":1},"b":{"0":[12,11],"1":[12,11],"2":[12,5],"3":[12,8],"4":[12,8]},"meta":{"lastBranch":5,"lastFunction":4,"lastStatement":7,"seen":{"f:4:16:4:36":0,"s:5:8:8:Infinity":0,"f:7:4:7:19":1,"s:7:19:7:Infinity":1,"s:10:8:13:Infinity":2,"f:12:4:12:19":2,"s:12:19:12:Infinity":3,"s:15:2:25:Infinity":4,"b:16:18:16:46:16:46:16:Infinity":0,"b:17:19:17:48:17:48:17:Infinity":1,"b:18:15:18:41:18:41:18:Infinity":2,"b:19:13:19:37:19:37:19:Infinity":3,"b:20:11:20:33:20:33:20:Infinity":4,"f:21:4:21:19":3,"s:22:6:22:Infinity":5,"s:23:6:23:Infinity":6}}}
,"C:\\Aditya\\playground\\ui\\resume-forge\\src\\features\\resume\\components\\ResumeUploadForm.tsx": {"path":"C:\\Aditya\\playground\\ui\\resume-forge\\src\\features\\resume\\components\\ResumeUploadForm.tsx","statementMap":{"0":{"start":{"line":7,"column":28},"end":{"line":10,"column":null}},"1":{"start":{"line":11,"column":28},"end":{"line":11,"column":null}},"2":{"start":{"line":12,"column":18},"end":{"line":12,"column":null}},"3":{"start":{"line":15,"column":2},"end":{"line":17,"column":null}},"4":{"start":{"line":17,"column":38},"end":{"line":17,"column":75}},"5":{"start":{"line":22,"column":2},"end":{"line":22,"column":null}},"6":{"start":{"line":26,"column":15},"end":{"line":26,"column":null}},"7":{"start":{"line":27,"column":20},"end":{"line":27,"column":null}},"8":{"start":{"line":28,"column":21},"end":{"line":28,"column":null}},"9":{"start":{"line":29,"column":8},"end":{"line":29,"column":null}},"10":{"start":{"line":30,"column":8},"end":{"line":30,"column":null}},"11":{"start":{"line":32,"column":8},"end":{"line":45,"column":null}},"12":{"start":{"line":33,"column":4},"end":{"line":37,"column":null}},"13":{"start":{"line":34,"column":6},"end":{"line":34,"column":null}},"14":{"start":{"line":35,"column":6},"end":{"line":35,"column":null}},"15":{"start":{"line":36,"column":6},"end":{"line":36,"column":null}},"16":{"start":{"line":38,"column":4},"end":{"line":42,"column":null}},"17":{"start":{"line":39,"column":6},"end":{"line":39,"column":null}},"18":{"start":{"line":40,"column":6},"end":{"line":40,"column":null}},"19":{"start":{"line":41,"column":6},"end":{"line":41,"column":null}},"20":{"start":{"line":43,"column":4},"end":{"line":43,"column":null}},"21":{"start":{"line":44,"column":4},"end":{"line":44,"column":null}},"22":{"start":{"line":47,"column":8},"end":{"line":50,"column":null}},"23":{"start":{"line":48,"column":4},"end":{"line":48,"column":null}},"24":{"start":{"line":49,"column":4},"end":{"line":49,"column":null}},"25":{"start":{"line":52,"column":8},"end":{"line":54,"column":null}},"26":{"start":{"line":53,"column":4},"end":{"line":53,"column":null}},"27":{"start":{"line":56,"column":8},"end":{"line":64,"column":null}},"28":{"start":{"line":58,"column":6},"end":{"line":58,"column":null}},"29":{"start":{"line":59,"column":6},"end":{"line":59,"column":null}},"30":{"start":{"line":60,"column":22},"end":{"line":60,"column":null}},"31":{"start":{"line":61,"column":6},"end":{"line":61,"column":null}},"32":{"start":{"line":61,"column":19},"end":{"line":61,"column":null}},"33":{"start":{"line":66,"column":8},"end":{"line":72,"column":null}},"34":{"start":{"line":68,"column":23},"end":{"line":68,"column":null}},"35":{"start":{"line":69,"column":6},"end":{"line":69,"column":null}},"36":{"start":{"line":69,"column":20},"end":{"line":69,"column":null}},"37":{"start":{"line":75,"column":4},"end":{"line":75,"column":null}},"38":{"start":{"line":76,"column":4},"end":{"line":76,"column":null}},"39":{"start":{"line":82,"column":4},"end":{"line":82,"column":null}},"40":{"start":{"line":83,"column":4},"end":{"line":86,"column":null}},"41":{"start":{"line":84,"column":6},"end":{"line":84,"column":null}},"42":{"start":{"line":85,"column":6},"end":{"line":85,"column":null}},"43":{"start":{"line":87,"column":27},"end":{"line":87,"column":null}},"44":{"start":{"line":88,"column":4},"end":{"line":88,"column":null}},"45":{"start":{"line":91,"column":2},"end":{"line":167,"column":null}},"46":{"start":{"line":107,"column":25},"end":{"line":107,"column":null}},"47":{"start":{"line":112,"column":12},"end":{"line":112,"column":null}},"48":{"start":{"line":112,"column":52},"end":{"line":112,"column":null}}},"fnMap":{"0":{"name":"isValidType","decl":{"start":{"line":14,"column":9},"end":{"line":14,"column":21}},"loc":{"start":{"line":14,"column":42},"end":{"line":19,"column":null}},"line":14},"1":{"name":"(anonymous_1)","decl":{"start":{"line":17,"column":24},"end":{"line":17,"column":30}},"loc":{"start":{"line":17,"column":38},"end":{"line":17,"column":75}},"line":17},"2":{"name":"isValidSize","decl":{"start":{"line":21,"column":9},"end":{"line":21,"column":21}},"loc":{"start":{"line":21,"column":42},"end":{"line":23,"column":null}},"line":21},"3":{"name":"ResumeUploadForm","decl":{"start":{"line":25,"column":16},"end":{"line":25,"column":35}},"loc":{"start":{"line":25,"column":35},"end":{"line":169,"column":null}},"line":25},"4":{"name":"(anonymous_4)","decl":{"start":{"line":32,"column":29},"end":{"line":32,"column":42}},"loc":{"start":{"line":32,"column":62},"end":{"line":45,"column":5}},"line":32},"5":{"name":"(anonymous_5)","decl":{"start":{"line":47,"column":25},"end":{"line":47,"column":38}},"loc":{"start":{"line":47,"column":77},"end":{"line":50,"column":5}},"line":47},"6":{"name":"(anonymous_6)","decl":{"start":{"line":52,"column":26},"end":{"line":52,"column":44}},"loc":{"start":{"line":52,"column":44},"end":{"line":54,"column":5}},"line":52},"7":{"name":"(anonymous_7)","decl":{"start":{"line":56,"column":21},"end":{"line":56,"column":null}},"loc":{"start":{"line":57,"column":44},"end":{"line":62,"column":null}},"line":57},"8":{"name":"(anonymous_8)","decl":{"start":{"line":66,"column":28},"end":{"line":66,"column":null}},"loc":{"start":{"line":67,"column":48},"end":{"line":70,"column":null}},"line":67},"9":{"name":"handleReset","decl":{"start":{"line":74,"column":11},"end":{"line":74,"column":25}},"loc":{"start":{"line":74,"column":25},"end":{"line":79,"column":null}},"line":74},"10":{"name":"handleSubmit","decl":{"start":{"line":81,"column":11},"end":{"line":81,"column":24}},"loc":{"start":{"line":81,"column":44},"end":{"line":89,"column":null}},"line":81},"11":{"name":"(anonymous_11)","decl":{"start":{"line":107,"column":10},"end":{"line":107,"column":25}},"loc":{"start":{"line":107,"column":25},"end":{"line":107,"column":null}},"line":107},"12":{"name":"(anonymous_12)","decl":{"start":{"line":111,"column":10},"end":{"line":111,"column":22}},"loc":{"start":{"line":111,"column":28},"end":{"line":113,"column":null}},"line":111}},"branchMap":{"0":{"loc":{"start":{"line":16,"column":4},"end":{"line":17,"column":null}},"type":"binary-expr","locations":[{"start":{"line":16,"column":4},"end":{"line":16,"column":null}},{"start":{"line":17,"column":4},"end":{"line":17,"column":null}}],"line":16},"1":{"loc":{"start":{"line":33,"column":4},"end":{"line":37,"column":null}},"type":"if","locations":[{"start":{"line":33,"column":4},"end":{"line":37,"column":null}},{"start":{},"end":{}}],"line":33},"2":{"loc":{"start":{"line":38,"column":4},"end":{"line":42,"column":null}},"type":"if","locations":[{"start":{"line":38,"column":4},"end":{"line":42,"column":null}},{"start":{},"end":{}}],"line":38},"3":{"loc":{"start":{"line":61,"column":6},"end":{"line":61,"column":null}},"type":"if","locations":[{"start":{"line":61,"column":6},"end":{"line":61,"column":null}},{"start":{},"end":{}}],"line":61},"4":{"loc":{"start":{"line":69,"column":6},"end":{"line":69,"column":null}},"type":"if","locations":[{"start":{"line":69,"column":6},"end":{"line":69,"column":null}},{"start":{},"end":{}}],"line":69},"5":{"loc":{"start":{"line":83,"column":4},"end":{"line":86,"column":null}},"type":"if","locations":[{"start":{"line":83,"column":4},"end":{"line":86,"column":null}},{"start":{},"end":{}}],"line":83},"6":{"loc":{"start":{"line":99,"column":12},"end":{"line":101,"column":null}},"type":"cond-expr","locations":[{"start":{"line":100,"column":16},"end":{"line":100,"column":null}},{"start":{"line":101,"column":16},"end":{"line":101,"column":null}}],"line":99},"7":{"loc":{"start":{"line":102,"column":12},"end":{"line":102,"column":null}},"type":"binary-expr","locations":[{"start":{"line":102,"column":12},"end":{"line":102,"column":20}},{"start":{"line":102,"column":20},"end":{"line":102,"column":null}}],"line":102},"8":{"loc":{"start":{"line":112,"column":12},"end":{"line":112,"column":null}},"type":"if","locations":[{"start":{"line":112,"column":12},"end":{"line":112,"column":null}},{"start":{},"end":{}}],"line":112},"9":{"loc":{"start":{"line":112,"column":16},"end":{"line":112,"column":52}},"type":"binary-expr","locations":[{"start":{"line":112,"column":16},"end":{"line":112,"column":37}},{"start":{"line":112,"column":37},"end":{"line":112,"column":52}}],"line":112},"10":{"loc":{"start":{"line":116,"column":11},"end":{"line":124,"column":null}},"type":"cond-expr","locations":[{"start":{"line":117,"column":12},"end":{"line":119,"column":null}},{"start":{"line":119,"column":12},"end":{"line":124,"column":null}}],"line":116},"11":{"loc":{"start":{"line":138,"column":9},"end":{"line":141,"column":null}},"type":"binary-expr","locations":[{"start":{"line":138,"column":9},"end":{"line":138,"column":null}},{"start":{"line":139,"column":10},"end":{"line":141,"column":null}}],"line":138},"12":{"loc":{"start":{"line":146,"column":11},"end":{"line":158,"column":11}},"type":"binary-expr","locations":[{"start":{"line":146,"column":11},"end":{"line":146,"column":null}},{"start":{"line":147,"column":12},"end":{"line":158,"column":11}}],"line":146},"13":{"loc":{"start":{"line":160,"column":22},"end":{"line":160,"column":null}},"type":"binary-expr","locations":[{"start":{"line":160,"column":22},"end":{"line":160,"column":31}},{"start":{"line":160,"column":31},"end":{"line":160,"column":null}}],"line":160},"14":{"loc":{"start":{"line":163,"column":13},"end":{"line":163,"column":null}},"type":"cond-expr","locations":[{"start":{"line":163,"column":40},"end":{"line":163,"column":55}},{"start":{"line":163,"column":55},"end":{"line":163,"column":null}}],"line":163}},"s":{"0":4,"1":4,"2":4,"3":9,"4":2,"5":8,"6":64,"7":64,"8":64,"9":64,"10":64,"11":64,"12":9,"13":1,"14":1,"15":1,"16":8,"17":1,"18":1,"19":1,"20":7,"21":7,"22":64,"23":1,"24":1,"25":64,"26":1,"27":64,"28":2,"29":2,"30":2,"31":2,"32":1,"33":64,"34":9,"35":9,"36":8,"37":1,"38":1,"39":4,"40":4,"41":1,"42":1,"43":3,"44":3,"45":64,"46":14,"47":3,"48":2},"f":{"0":9,"1":2,"2":8,"3":64,"4":9,"5":1,"6":1,"7":2,"8":9,"9":1,"10":4,"11":14,"12":3},"b":{"0":[9,1],"1":[1,8],"2":[1,7],"3":[1,1],"4":[8,1],"5":[1,3],"6":[1,63],"7":[64,12],"8":[2,1],"9":[3,2],"10":[12,52],"11":[64,3],"12":[64,12],"13":[64,12],"14":[1,63]},"meta":{"lastBranch":15,"lastFunction":13,"lastStatement":49,"seen":{"s:7:28:10:Infinity":0,"s:11:28:11:Infinity":1,"s:12:18:12:Infinity":2,"f:14:9:14:21":0,"s:15:2:17:Infinity":3,"b:16:4:16:Infinity:17:4:17:Infinity":0,"f:17:24:17:30":1,"s:17:38:17:75":4,"f:21:9:21:21":2,"s:22:2:22:Infinity":5,"f:25:16:25:35":3,"s:26:15:26:Infinity":6,"s:27:20:27:Infinity":7,"s:28:21:28:Infinity":8,"s:29:8:29:Infinity":9,"s:30:8:30:Infinity":10,"s:32:8:45:Infinity":11,"f:32:29:32:42":4,"b:33:4:37:Infinity:undefined:undefined:undefined:undefined":1,"s:33:4:37:Infinity":12,"s:34:6:34:Infinity":13,"s:35:6:35:Infinity":14,"s:36:6:36:Infinity":15,"b:38:4:42:Infinity:undefined:undefined:undefined:undefined":2,"s:38:4:42:Infinity":16,"s:39:6:39:Infinity":17,"s:40:6:40:Infinity":18,"s:41:6:41:Infinity":19,"s:43:4:43:Infinity":20,"s:44:4:44:Infinity":21,"s:47:8:50:Infinity":22,"f:47:25:47:38":5,"s:48:4:48:Infinity":23,"s:49:4:49:Infinity":24,"s:52:8:54:Infinity":25,"f:52:26:52:44":6,"s:53:4:53:Infinity":26,"s:56:8:64:Infinity":27,"f:56:21:56:Infinity":7,"s:58:6:58:Infinity":28,"s:59:6:59:Infinity":29,"s:60:22:60:Infinity":30,"b:61:6:61:Infinity:undefined:undefined:undefined:undefined":3,"s:61:6:61:Infinity":31,"s:61:19:61:Infinity":32,"s:66:8:72:Infinity":33,"f:66:28:66:Infinity":8,"s:68:23:68:Infinity":34,"b:69:6:69:Infinity:undefined:undefined:undefined:undefined":4,"s:69:6:69:Infinity":35,"s:69:20:69:Infinity":36,"f:74:11:74:25":9,"s:75:4:75:Infinity":37,"s:76:4:76:Infinity":38,"f:81:11:81:24":10,"s:82:4:82:Infinity":39,"b:83:4:86:Infinity:undefined:undefined:undefined:undefined":5,"s:83:4:86:Infinity":40,"s:84:6:84:Infinity":41,"s:85:6:85:Infinity":42,"s:87:27:87:Infinity":43,"s:88:4:88:Infinity":44,"s:91:2:167:Infinity":45,"b:100:16:100:Infinity:101:16:101:Infinity":6,"b:102:12:102:20:102:20:102:Infinity":7,"f:107:10:107:25":11,"s:107:25:107:Infinity":46,"f:111:10:111:22":12,"b:112:12:112:Infinity:undefined:undefined:undefined:undefined":8,"s:112:12:112:Infinity":47,"b:112:16:112:37:112:37:112:52":9,"s:112:52:112:Infinity":48,"b:117:12:119:Infinity:119:12:124:Infinity":10,"b:138:9:138:Infinity:139:10:141:Infinity":11,"b:146:11:146:Infinity:147:12:158:11":12,"b:160:22:160:31:160:31:160:Infinity":13,"b:163:40:163:55:163:55:163:Infinity":14}}}
,"C:\\Aditya\\playground\\ui\\resume-forge\\src\\features\\resume\\hooks\\useResumeUploadMutation.ts": {"path":"C:\\Aditya\\playground\\ui\\resume-forge\\src\\features\\resume\\hooks\\useResumeUploadMutation.ts","statementMap":{"0":{"start":{"line":9,"column":8},"end":{"line":9,"column":null}},"1":{"start":{"line":10,"column":8},"end":{"line":10,"column":null}},"2":{"start":{"line":11,"column":8},"end":{"line":11,"column":null}},"3":{"start":{"line":13,"column":2},"end":{"line":36,"column":null}},"4":{"start":{"line":15,"column":6},"end":{"line":15,"column":null}},"5":{"start":{"line":17,"column":6},"end":{"line":17,"column":null}},"6":{"start":{"line":19,"column":6},"end":{"line":27,"column":null}},"7":{"start":{"line":29,"column":6},"end":{"line":29,"column":null}},"8":{"start":{"line":30,"column":6},"end":{"line":30,"column":null}}},"fnMap":{"0":{"name":"useResumeUploadMutation","decl":{"start":{"line":8,"column":16},"end":{"line":8,"column":42}},"loc":{"start":{"line":8,"column":42},"end":{"line":37,"column":null}},"line":8},"1":{"name":"(anonymous_1)","decl":{"start":{"line":14,"column":4},"end":{"line":14,"column":17}},"loc":{"start":{"line":15,"column":6},"end":{"line":15,"column":null}},"line":15},"2":{"name":"(anonymous_2)","decl":{"start":{"line":16,"column":4},"end":{"line":16,"column":16}},"loc":{"start":{"line":16,"column":36},"end":{"line":31,"column":null}},"line":16},"3":{"name":"(anonymous_3)","decl":{"start":{"line":32,"column":4},"end":{"line":32,"column":14}},"loc":{"start":{"line":32,"column":31},"end":{"line":35,"column":null}},"line":32}},"branchMap":{},"s":{"0":64,"1":64,"2":64,"3":64,"4":3,"5":2,"6":2,"7":2,"8":2},"f":{"0":64,"1":3,"2":2,"3":1},"b":{},"meta":{"lastBranch":0,"lastFunction":4,"lastStatement":9,"seen":{"f:8:16:8:42":0,"s:9:8:9:Infinity":0,"s:10:8:10:Infinity":1,"s:11:8:11:Infinity":2,"s:13:2:36:Infinity":3,"f:14:4:14:17":1,"s:15:6:15:Infinity":4,"f:16:4:16:16":2,"s:17:6:17:Infinity":5,"s:19:6:27:Infinity":6,"s:29:6:29:Infinity":7,"s:30:6:30:Infinity":8,"f:32:4:32:14":3}}}
,"C:\\Aditya\\playground\\ui\\resume-forge\\src\\features\\resume\\hooks\\useResumesList.ts": {"path":"C:\\Aditya\\playground\\ui\\resume-forge\\src\\features\\resume\\hooks\\useResumesList.ts","statementMap":{"0":{"start":{"line":5,"column":2},"end":{"line":8,"column":null}},"1":{"start":{"line":7,"column":19},"end":{"line":7,"column":null}}},"fnMap":{"0":{"name":"useResumesList","decl":{"start":{"line":4,"column":16},"end":{"line":4,"column":31}},"loc":{"start":{"line":4,"column":53},"end":{"line":9,"column":null}},"line":4},"1":{"name":"(anonymous_1)","decl":{"start":{"line":7,"column":4},"end":{"line":7,"column":19}},"loc":{"start":{"line":7,"column":19},"end":{"line":7,"column":null}},"line":7}},"branchMap":{"0":{"loc":{"start":{"line":4,"column":31},"end":{"line":4,"column":41}},"type":"default-arg","locations":[{"start":{"line":4,"column":38},"end":{"line":4,"column":41}}],"line":4},"1":{"loc":{"start":{"line":4,"column":41},"end":{"line":4,"column":53}},"type":"default-arg","locations":[{"start":{"line":4,"column":49},"end":{"line":4,"column":53}}],"line":4}},"s":{"0":16,"1":9},"f":{"0":16,"1":9},"b":{"0":[16],"1":[16]},"meta":{"lastBranch":2,"lastFunction":2,"lastStatement":2,"seen":{"f:4:16:4:31":0,"b:4:38:4:41":0,"b:4:49:4:53":1,"s:5:2:8:Infinity":0,"f:7:4:7:19":1,"s:7:19:7:Infinity":1}}}
[...]
ine":77,"column":null}},"4":{"start":{"line":21,"column":10},"end":{"line":75,"column":null}},"5":{"start":{"line":25,"column":32},"end":{"line":25,"column":null}},"6":{"start":{"line":31,"column":23},"end":{"line":31,"column":null}},"7":{"start":{"line":32,"column":24},"end":{"line":32,"column":null}},"8":{"start":{"line":33,"column":10},"end":{"line":33,"column":null}},"9":{"start":{"line":40,"column":25},"end":{"line":40,"column":null}},"10":{"start":{"line":41,"column":22},"end":{"line":41,"column":null}},"11":{"start":{"line":42,"column":10},"end":{"line":45,"column":null}},"12":{"start":{"line":53,"column":20},"end":{"line":53,"column":null}},"13":{"start":{"line":54,"column":10},"end":{"line":54,"column":null}},"14":{"start":{"line":61,"column":25},"end":{"line":61,"column":null}},"15":{"start":{"line":62,"column":10},"end":{"line":71,"column":null}},"16":{"start":{"line":66,"column":31},"end":{"line":66,"column":null}},"17":{"start":{"line":79,"column":2},"end":{"line":104,"column":null}}},"fnMap":{"0":{"name":"ResumeList","decl":{"start":{"line":16,"column":24},"end":{"line":16,"column":37}},"loc":{"start":{"line":16,"column":37},"end":{"line":106,"column":null}},"line":16},"1":{"name":"(anonymous_1)","decl":{"start":{"line":20,"column":18},"end":{"line":20,"column":null}},"loc":{"start":{"line":21,"column":10},"end":{"line":75,"column":null}},"line":21},"2":{"name":"(anonymous_2)","decl":{"start":{"line":25,"column":8},"end":{"line":25,"column":15}},"loc":{"start":{"line":25,"column":32},"end":{"line":25,"column":null}},"line":25},"3":{"name":"(anonymous_3)","decl":{"start":{"line":30,"column":8},"end":{"line":30,"column":15}},"loc":{"start":{"line":30,"column":32},"end":{"line":34,"column":null}},"line":30},"4":{"name":"(anonymous_4)","decl":{"start":{"line":39,"column":8},"end":{"line":39,"column":15}},"loc":{"start":{"line":39,"column":32},"end":{"line":47,"column":null}},"line":39},"5":{"name":"(anonymous_5)","decl":{"start":{"line":52,"column":8},"end":{"line":52,"column":15}},"loc":{"start":{"line":52,"column":32},"end":{"line":55,"column":null}},"line":52},"6":{"name":"(anonymous_6)","decl":{"start":{"line":60,"column":8},"end":{"line":60,"column":15}},"loc":{"start":{"line":60,"column":27},"end":{"line":73,"column":null}},"line":60},"7":{"name":"(anonymous_7)","decl":{"start":{"line":66,"column":16},"end":{"line":66,"column":31}},"loc":{"start":{"line":66,"column":31},"end":{"line":66,"column":null}},"line":66}},"branchMap":{"0":{"loc":{"start":{"line":32,"column":24},"end":{"line":32,"column":null}},"type":"cond-expr","locations":[{"start":{"line":32,"column":47},"end":{"line":32,"column":55}},{"start":{"line":32,"column":55},"end":{"line":32,"column":null}}],"line":32},"1":{"loc":{"start":{"line":41,"column":22},"end":{"line":41,"column":null}},"type":"binary-expr","locations":[{"start":{"line":41,"column":22},"end":{"line":41,"column":48}},{"start":{"line":41,"column":48},"end":{"line":41,"column":null}}],"line":41},"2":{"loc":{"start":{"line":98,"column":18},"end":{"line":98,"column":null}},"type":"binary-expr","locations":[{"start":{"line":98,"column":18},"end":{"line":98,"column":32}},{"start":{"line":98,"column":32},"end":{"line":98,"column":null}}],"line":98}},"s":{"0":2,"1":16,"2":16,"3":16,"4":10,"5":6,"6":6,"7":6,"8":6,"9":6,"10":6,"11":6,"12":6,"13":6,"14":6,"15":6,"16":1,"17":16},"f":{"0":16,"1":10,"2":6,"3":6,"4":6,"5":6,"6":6,"7":1},"b":{"0":[5,1],"1":[6,1],"2":[16,9]},"meta":{"lastBranch":3,"lastFunction":8,"lastStatement":18,"seen":{"s:9:47:14:Infinity":0,"f:16:24:16:37":0,"s:17:8:17:Infinity":1,"s:18:16:18:Infinity":2,"s:20:8:77:Infinity":3,"f:20:18:20:Infinity":1,"s:21:10:75:Infinity":4,"f:25:8:25:15":2,"s:25:32:25:Infinity":5,"f:30:8:30:15":3,"s:31:23:31:Infinity":6,"s:32:24:32:Infinity":7,"b:32:47:32:55:32:55:32:Infinity":0,"s:33:10:33:Infinity":8,"f:39:8:39:15":4,"s:40:25:40:Infinity":9,"s:41:22:41:Infinity":10,"b:41:22:41:48:41:48:41:Infinity":1,"s:42:10:45:Infinity":11,"f:52:8:52:15":5,"s:53:20:53:Infinity":12,"s:54:10:54:Infinity":13,"f:60:8:60:15":6,"s:61:25:61:Infinity":14,"s:62:10:71:Infinity":15,"f:66:16:66:31":7,"s:66:31:66:Infinity":16,"s:79:2:104:Infinity":17,"b:98:18:98:32:98:32:98:Infinity":2}}}
,"C:\\Aditya\\playground\\ui\\resume-forge\\src\\pages\\ResumeStream.tsx": {"path":"C:\\Aditya\\playground\\ui\\resume-forge\\src\\pages\\ResumeStream.tsx","statementMap":{"0":{"start":{"line":11,"column":10},"end":{"line":11,"column":null}},"1":{"start":{"line":12,"column":8},"end":{"line":12,"column":null}},"2":{"start":{"line":17,"column":13},"end":{"line":22,"column":null}},"3":{"start":{"line":20,"column":19},"end":{"line":20,"column":null}},"4":{"start":{"line":24,"column":28},"end":{"line":27,"column":null}},"5":{"start":{"line":29,"column":8},"end":{"line":37,"column":null}},"6":{"start":{"line":39,"column":2},"end":{"line":46,"column":null}},"7":{"start":{"line":40,"column":4},"end":{"line":40,"column":null}},"8":{"start":{"line":41,"column":4},"end":{"line":44,"column":null}},"9":{"start":{"line":48,"column":2},"end":{"line":50,"column":null}},"10":{"start":{"line":49,"column":4},"end":{"line":49,"column":null}},"11":{"start":{"line":52,"column":2},"end":{"line":58,"column":null}},"12":{"start":{"line":53,"column":4},"end":{"line":56,"column":null}},"13":{"start":{"line":60,"column":2},"end":{"line":70,"column":null}}},"fnMap":{"0":{"name":"ResumeStream","decl":{"start":{"line":10,"column":24},"end":{"line":10,"column":39}},"loc":{"start":{"line":10,"column":39},"end":{"line":72,"column":null}},"line":10},"1":{"name":"(anonymous_1)","decl":{"start":{"line":20,"column":4},"end":{"line":20,"column":19}},"loc":{"start":{"line":20,"column":19},"end":{"line":20,"column":null}},"line":20},"2":{"name":"(anonymous_2)","decl":{"start":{"line":29,"column":21},"end":{"line":29,"column":39}},"loc":{"start":{"line":29,"column":39},"end":{"line":37,"column":5}},"line":29}},"branchMap":{"0":{"loc":{"start":{"line":39,"column":2},"end":{"line":46,"column":null}},"type":"if","locations":[{"start":{"line":39,"column":2},"end":{"line":46,"column":null}},{"start":{},"end":{}}],"line":39},"1":{"loc":{"start":{"line":48,"column":2},"end":{"line":50,"column":null}},"type":"if","locations":[{"start":{"line":48,"column":2},"end":{"line":50,"column":null}},{"start":{},"end":{}}],"line":48},"2":{"loc":{"start":{"line":52,"column":2},"end":{"line":58,"column":null}},"type":"if","locations":[{"start":{"line":52,"column":2},"end":{"line":58,"column":null}},{"start":{},"end":{}}],"line":52},"3":{"loc":{"start":{"line":64,"column":8},"end":{"line":64,"column":null}},"type":"cond-expr","locations":[{"start":{"line":64,"column":35},"end":{"line":64,"column":72}},{"start":{"line":64,"column":72},"end":{"line":64,"column":null}}],"line":64},"4":{"loc":{"start":{"line":66,"column":14},"end":{"line":66,"column":null}},"type":"cond-expr","locations":[{"start":{"line":66,"column":34},"end":{"line":66,"column":43}},{"start":{"line":66,"column":43},"end":{"line":66,"column":null}}],"line":66}},"s":{"0":11,"1":11,"2":11,"3":4,"4":11,"5":11,"6":11,"7":1,"8":1,"9":10,"10":1,"11":10,"12":4,"13":6},"f":{"0":11,"1":4,"2":1},"b":{"0":[1,10],"1":[1,9],"2":[4,6],"3":[5,1],"4":[5,1]},"meta":{"lastBranch":5,"lastFunction":3,"lastStatement":14,"seen":{"f:10:24:10:39":0,"s:11:10:11:Infinity":0,"s:12:8:12:Infinity":1,"s:17:13:22:Infinity":2,"f:20:4:20:19":1,"s:20:19:20:Infinity":3,"s:24:28:27:Infinity":4,"s:29:8:37:Infinity":5,"f:29:21:29:39":2,"b:39:2:46:Infinity:undefined:undefined:undefined:undefined":0,"s:39:2:46:Infinity":6,"s:40:4:40:Infinity":7,"s:41:4:44:Infinity":8,"b:48:2:50:Infinity:undefined:undefined:undefined:undefined":1,"s:48:2:50:Infinity":9,"s:49:4:49:Infinity":10,"b:52:2:58:Infinity:undefined:undefined:undefined:undefined":2,"s:52:2:58:Infinity":11,"s:53:4:56:Infinity":12,"s:60:2:70:Infinity":13,"b:64:35:64:72:64:72:64:Infinity":3,"b:66:34:66:43:66:43:66:Infinity":4}}}
,"C:\\Aditya\\playground\\ui\\resume-forge\\src\\pages\\Settings.tsx": {"path":"C:\\Aditya\\playground\\ui\\resume-forge\\src\\pages\\Settings.tsx","statementMap":{"0":{"start":{"line":2,"column":2},"end":{"line":2,"column":null}}},"fnMap":{"0":{"name":"Settings","decl":{"start":{"line":1,"column":24},"end":{"line":1,"column":35}},"loc":{"start":{"line":1,"column":35},"end":{"line":3,"column":null}},"line":1}},"branchMap":{},"s":{"0":1},"f":{"0":1},"b":{},"meta":{"lastBranch":0,"lastFunction":1,"lastStatement":1,"seen":{"f:1:24:1:35":0,"s:2:2:2:Infinity":0}}}
,"C:\\Aditya\\playground\\ui\\resume-forge\\src\\routes\\index.tsx": {"path":"C:\\Aditya\\playground\\ui\\resume-forge\\src\\routes\\index.tsx","statementMap":{"0":{"start":{"line":17,"column":30},"end":{"line":47,"column":null}},"1":{"start":{"line":49,"column":13},"end":{"line":49,"column":null}}},"fnMap":{},"branchMap":{},"s":{"0":1,"1":1},"f":{},"b":{},"meta":{"lastBranch":0,"lastFunction":0,"lastStatement":2,"seen":{"s:17:30:47:Infinity":0,"s:49:13:49:Infinity":1}}}
,"C:\\Aditya\\playground\\ui\\resume-forge\\src\\stores\\authSlice.ts": {"path":"C:\\Aditya\\playground\\ui\\resume-forge\\src\\stores\\authSlice.ts","statementMap":{"0":{"start":{"line":17,"column":32},"end":{"line":22,"column":null}},"1":{"start":{"line":24,"column":6},"end":{"line":58,"column":null}},"2":{"start":{"line":36,"column":50},"end":{"line":36,"column":null}},"3":{"start":{"line":37,"column":6},"end":{"line":37,"column":null}},"4":{"start":{"line":38,"column":6},"end":{"line":38,"column":null}},"5":{"start":{"line":39,"column":6},"end":{"line":39,"column":null}},"6":{"start":{"line":40,"column":6},"end":{"line":40,"column":null}},"7":{"start":{"line":41,"column":6},"end":{"line":41,"column":null}},"8":{"start":{"line":42,"column":6},"end":{"line":42,"column":null}},"9":{"start":{"line":45,"column":6},"end":{"line":47,"column":null}},"10":{"start":{"line":46,"column":8},"end":{"line":46,"column":null}},"11":{"start":{"line":50,"column":6},"end":{"line":50,"column":null}},"12":{"start":{"line":51,"column":6},"end":{"line":51,"column":null}},"13":{"start":{"line":52,"column":6},"end":{"line":52,"column":null}},"14":{"start":{"line":53,"column":6},"end":{"line":53,"column":null}},"15":{"start":{"line":54,"column":6},"end":{"line":54,"column":null}},"16":{"start":{"line":55,"column":6},"end":{"line":55,"column":null}},"17":{"start":{"line":60,"column":54},"end":{"line":60,"column":null}},"18":{"start":{"line":62,"column":13},"end":{"line":62,"column":null}},"19":{"start":{"line":62,"column":55},"end":{"line":62,"column":null}},"20":{"start":{"line":63,"column":13},"end":{"line":63,"column":null}},"21":{"start":{"line":63,"column":59},"end":{"line":63,"column":null}},"22":{"start":{"line":64,"column":13},"end":{"line":64,"column":null}},"23":{"start":{"line":64,"column":55},"end":{"line":64,"column":null}}},"fnMap":{"0":{"name":"(anonymous_0)","decl":{"start":{"line":28,"column":4},"end":{"line":28,"column":null}},"loc":{"start":{"line":35,"column":9},"end":{"line":43,"column":null}},"line":35},"1":{"name":"(anonymous_1)","decl":{"start":{"line":44,"column":4},"end":{"line":44,"column":17}},"loc":{"start":{"line":44,"column":65},"end":{"line":48,"column":null}},"line":44},"2":{"name":"(anonymous_2)","decl":{"start":{"line":49,"column":4},"end":{"line":49,"column":13}},"loc":{"start":{"line":49,"column":23},"end":{"line":56,"column":null}},"line":49},"3":{"name":"(anonymous_3)","decl":{"start":{"line":62,"column":13},"end":{"line":62,"column":34}},"loc":{"start":{"line":62,"column":55},"end":{"line":62,"column":null}},"line":62},"4":{"name":"(anonymous_4)","decl":{"start":{"line":63,"column":13},"end":{"line":63,"column":38}},"loc":{"start":{"line":63,"column":59},"end":{"line":63,"column":null}},"line":63},"5":{"name":"(anonymous_5)","decl":{"start":{"line":64,"column":13},"end":{"line":64,"column":34}},"loc":{"start":{"line":64,"column":55},"end":{"line":64,"column":null}},"line":64}},"branchMap":{"0":{"loc":{"start":{"line":45,"column":6},"end":{"line":47,"column":null}},"type":"if","locations":[{"start":{"line":45,"column":6},"end":{"line":47,"column":null}},{"start":{},"end":{}}],"line":45}},"s":{"0":29,"1":29,"2":19,"3":19,"4":19,"5":19,"6":19,"7":19,"8":19,"9":2,"10":1,"11":30,"12":30,"13":30,"14":30,"15":30,"16":30,"17":29,"18":29,"19":29,"20":29,"21":5,"22":29,"23":1},"f":{"0":19,"1":2,"2":30,"3":29,"4":5,"5":1},"b":{"0":[1,1]},"meta":{"lastBranch":1,"lastFunction":6,"lastStatement":24,"seen":{"s:17:32:22:Infinity":0,"s:24:6:58:Infinity":1,"f:28:4:28:Infinity":0,"s:36:50:36:Infinity":2,"s:37:6:37:Infinity":3,"s:38:6:38:Infinity":4,"s:39:6:39:Infinity":5,"s:40:6:40:Infinity":6,"s:41:6:41:Infinity":7,"s:42:6:42:Infinity":8,"f:44:4:44:17":1,"b:45:6:47:Infinity:undefined:undefined:undefined:undefined":0,"s:45:6:47:Infinity":9,"s:46:8:46:Infinity":10,"f:49:4:49:13":2,"s:50:6:50:Infinity":11,"s:51:6:51:Infinity":12,"s:52:6:52:Infinity":13,"s:53:6:53:Infinity":14,"s:54:6:54:Infinity":15,"s:55:6:55:Infinity":16,"s:60:54:60:Infinity":17,"s:62:13:62:Infinity":18,"f:62:13:62:34":3,"s:62:55:62:Infinity":19,"s:63:13:63:Infinity":20,"f:63:13:63:38":4,"s:63:59:63:Infinity":21,"s:64:13:64:Infinity":22,"f:64:13:64:34":5,"s:64:55:64:Infinity":23}}}
,"C:\\Aditya\\playground\\ui\\resume-forge\\src\\stores\\uiSlice.ts": {"path":"C:\\Aditya\\playground\\ui\\resume-forge\\src\\stores\\uiSlice.ts","statementMap":{"0":{"start":{"line":23,"column":17},"end":{"line":23,"column":null}},"1":{"start":{"line":24,"column":2},"end":{"line":31,"column":null}},"2":{"start":{"line":28,"column":6},"end":{"line":28,"column":null}},"3":{"start":{"line":30,"column":6},"end":{"line":30,"column":null}},"4":{"start":{"line":34,"column":30},"end":{"line":37,"column":null}},"5":{"start":{"line":39,"column":6},"end":{"line":63,"column":null}},"6":{"start":{"line":44,"column":6},"end":{"line":44,"column":null}},"7":{"start":{"line":47,"column":18},"end":{"line":47,"column":null}},"8":{"start":{"line":47,"column":47},"end":{"line":47,"column":73}},"9":{"start":{"line":48,"column":6},"end":{"line":48,"column":null}},"10":{"start":{"line":48,"column":15},"end":{"line":48,"column":null}},"11":{"start":{"line":51,"column":6},"end":{"line":51,"column":null}},"12":{"start":{"line":51,"column":56},"end":{"line":51,"column":79}},"13":{"start":{"line":54,"column":6},"end":{"line":56,"column":null}},"14":{"start":{"line":55,"column":15},"end":{"line":55,"column":null}},"15":{"start":{"line":59,"column":6},"end":{"line":59,"column":null}},"16":{"start":{"line":60,"column":6},"end":{"line":60,"column":null}},"17":{"start":{"line":66,"column":2},"end":{"line":66,"column":null}},"18":{"start":{"line":68,"column":13},"end":{"line":68,"column":null}},"19":{"start":{"line":68,"column":54},"end":{"line":68,"column":null}},"20":{"start":{"line":69,"column":13},"end":{"line":70,"column":null}},"21":{"start":{"line":70,"column":2},"end":{"line":70,"column":null}},"22":{"start":{"line":70,"column":36},"end":{"line":70,"column":87}},"23":{"start":{"line":71,"column":13},"end":{"line":71,"column":null}},"24":{"start":{"line":71,"column":49},"end":{"line":71,"column":null}}},"fnMap":{"0":{"name":"getStoredTheme","decl":{"start":{"line":22,"column":16},"end":{"line":22,"column":40}},"loc":{"start":{"line":22,"column":40},"end":{"line":32,"column":null}},"line":22},"1":{"name":"(anonymous_1)","decl":{"start":{"line":43,"column":4},"end":{"line":43,"column":19}},"loc":{"start":{"line":43,"column":63},"end":{"line":45,"column":null}},"line":43},"2":{"name":"(anonymous_2)","decl":{"start":{"line":46,"column":4},"end":{"line":46,"column":22}},"loc":{"start":{"line":46,"column":90},"end":{"line":49,"column":null}},"line":46},"3":{"name":"(anonymous_3)","decl":{"start":{"line":47,"column":35},"end":{"line":47,"column":41}},"loc":{"start":{"line":47,"column":47},"end":{"line":47,"column":73}},"line":47},"4":{"name":"(anonymous_4)","decl":{"start":{"line":50,"column":4},"end":{"line":50,"column":22}},"loc":{"start":{"line":50,"column":63},"end":{"line":52,"column":null}},"line":50},"5":{"name":"(anonymous_5)","decl":{"start":{"line":51,"column":42},"end":{"line":51,"column":50}},"loc":{"start":{"line":51,"column":56},"end":{"line":51,"column":79}},"line":51},"6":{"name":"(anonymous_6)","decl":{"start":{"line":53,"column":4},"end":{"line":53,"column":25}},"loc":{"start":{"line":53,"column":35},"end":{"line":57,"column":null}},"line":53},"7":{"name":"(anonymous_7)","decl":{"start":{"line":54,"column":42},"end":{"line":54,"column":null}},"loc":{"start":{"line":55,"column":15},"end":{"line":55,"column":null}},"line":55},"8":{"name":"(anonymous_8)","decl":{"start":{"line":58,"column":4},"end":{"line":58,"column":15}},"loc":{"start":{"line":58,"column":55},"end":{"line":61,"column":null}},"line":58},"9":{"name":"(anonymous_9)","decl":{"start":{"line":68,"column":13},"end":{"line":68,"column":33}},"loc":{"start":{"line":68,"column":54},"end":{"line":68,"column":null}},"line":68},"10":{"name":"(anonymous_10)","decl":{"start":{"line":69,"column":13},"end":{"line":69,"column":34}},"loc":{"start":{"line":70,"column":2},"end":{"line":70,"column":null}},"line":70},"11":{"name":"(anonymous_11)","decl":{"start":{"line":70,"column":22},"end":{"line":70,"column":30}},"loc":{"start":{"line":70,"column":36},"end":{"line":70,"column":87}},"line":70},"12":{"name":"(anonymous_12)","decl":{"start":{"line":71,"column":13},"end":{"line":71,"column":28}},"loc":{"start":{"line":71,"column":49},"end":{"line":71,"column":null}},"line":71}},"branchMap":{"0":{"loc":{"start":{"line":24,"column":2},"end":{"line":31,"column":null}},"type":"switch","locations":[{"start":{"line":25,"column":4},"end":{"line":25,"column":null}},{"start":{"line":26,"column":4},"end":{"line":26,"column":null}},{"start":{"line":27,"column":4},"end":{"line":28,"column":null}},{"start":{"line":29,"column":4},"end":{"line":30,"column":null}}],"line":24},"1":{"loc":{"start":{"line":48,"column":6},"end":{"line":48,"column":null}},"type":"if","locations":[{"start":{"line":48,"column":6},"end":{"line":48,"column":null}},{"start":{},"end":{}}],"line":48},"2":{"loc":{"start":{"line":55,"column":15},"end":{"line":55,"column":null}},"type":"binary-expr","locations":[{"start":{"line":55,"column":15},"end":{"line":55,"column":41}},{"start":{"line":55,"column":41},"end":{"line":55,"column":null}}],"line":55},"3":{"loc":{"start":{"line":70,"column":36},"end":{"line":70,"column":87}},"type":"binary-expr","locations":[{"start":{"line":70,"column":36},"end":{"line":70,"column":62}},{"start":{"line":70,"column":62},"end":{"line":70,"column":87}}],"line":70}},"s":{"0":32,"1":32,"2":3,"3":29,"4":28,"5":28,"6":14,"7":2,"8":2,"9":2,"10":1,"11":1,"12":1,"13":1,"14":3,"15":9,"16":9,"17":28,"18":28,"19":7,"20":28,"21":1,"22":3,"23":28,"24":37},"f":{"0":32,"1":14,"2":2,"3":2,"4":1,"5":1,"6":1,"7":3,"8":9,"9":7,"10":1,"11":3,"12":37},"b":{"0":[1,2,3,29],"1":[1,1],"2":[3,3],"3":[3,2]},"meta":{"lastBranch":4,"lastFunction":13,"lastStatement":25,"seen":{"f:22:16:22:40":0,"s:23:17:23:Infinity":0,"b:25:4:25:Infinity:26:4:26:Infinity:27:4:28:Infinity:29:4:30:Infinity":0,"s:24:2:31:Infinity":1,"s:28:6:28:Infinity":2,"s:30:6:30:Infinity":3,"s:34:30:37:Infinity":4,"s:39:6:63:Infinity":5,"f:43:4:43:19":1,"s:44:6:44:Infinity":6,"f:46:4:46:22":2,"s:47:18:47:Infinity":7,"f:47:35:47:41":3,"s:47:47:47:73":8,"b:48:6:48:Infinity:undefined:undefined:undefined:undefined":1,"s:48:6:48:Infinity":9,"s:48:15:48:Infinity":10,"f:50:4:50:22":4,"s:51:6:51:Infinity":11,"f:51:42:51:50":5,"s:51:56:51:79":12,"f:53:4:53:25":6,"s:54:6:56:Infinity":13,"f:54:42:54:Infinity":7,"s:55:15:55:Infinity":14,"b:55:15:55:41:55:41:55:Infinity":2,"f:58:4:58:15":8,"s:59:6:59:Infinity":15,"s:60:6:60:Infinity":16,"s:66:2:66:Infinity":17,"s:68:13:68:Infinity":18,"f:68:13:68:33":9,"s:68:54:68:Infinity":19,"s:69:13:70:Infinity":20,"f:69:13:69:34":10,"s:70:2:70:Infinity":21,"f:70:22:70:30":11,"s:70:36:70:87":22,"b:70:36:70:62:70:62:70:87":3,"s:71:13:71:Infinity":23,"f:71:13:71:28":12,"s:71:49:71:Infinity":24}}}
}
